2019-09-17 11:18:43,046 - elsapy.elsclient - INFO - Module loaded.
2019-09-17 11:18:43,766 - elsapy.elsentity - INFO - Module loaded.
2019-09-17 11:18:43,767 - elsapy.utils - INFO - Module loaded.
2019-09-17 11:18:43,767 - elsapy.elsprofile - INFO - Module loaded.
2019-09-17 11:18:43,768 - elsapy.elsdoc - INFO - Module loaded.
2019-09-17 11:18:43,770 - elsapy.elssearch - INFO - Module loaded.
2019-09-17 11:18:44,051 - elsapy.elsclient - INFO - Sending GET request to https://api.elsevier.com/content/search/scopus?query=AFFIL%28dartmouth%29+AND+AUTHOR-NAME%28lewis%29+AND+PUBYEAR+%3E+2011
2019-09-17 11:18:46,158 - elsapy.elsclient - INFO - Sending GET request to https://api.elsevier.com/content/search/scopus?start=25&count=25&query=AFFIL%28dartmouth%29+AND+AUTHOR-NAME%28lewis%29+AND+PUBYEAR+%3E+2011
2019-09-17 11:18:48,529 - elsapy.elsclient - INFO - Sending GET request to https://api.elsevier.com/content/search/scopus?start=50&count=25&query=AFFIL%28dartmouth%29+AND+AUTHOR-NAME%28lewis%29+AND+PUBYEAR+%3E+2011
2019-09-17 11:18:50,770 - elsapy.elsclient - INFO - Sending GET request to https://api.elsevier.com/content/search/scopus?start=75&count=25&query=AFFIL%28dartmouth%29+AND+AUTHOR-NAME%28lewis%29+AND+PUBYEAR+%3E+2011
2019-09-17 11:18:53,637 - elsapy.elsclient - INFO - Sending GET request to https://api.elsevier.com/content/search/scopus?start=100&count=25&query=AFFIL%28dartmouth%29+AND+AUTHOR-NAME%28lewis%29+AND+PUBYEAR+%3E+2011
2019-09-17 11:18:55,724 - elsapy.elsclient - INFO - Sending GET request to https://api.elsevier.com/content/search/scopus?start=125&count=25&query=AFFIL%28dartmouth%29+AND+AUTHOR-NAME%28lewis%29+AND+PUBYEAR+%3E+2011
2019-09-17 11:18:58,519 - elsapy.elsclient - INFO - Sending GET request to https://api.elsevier.com/content/search/scopus?start=150&count=25&query=AFFIL%28dartmouth%29+AND+AUTHOR-NAME%28lewis%29+AND+PUBYEAR+%3E+2011
2019-09-17 11:19:00,739 - elsapy.elsclient - INFO - Sending GET request to https://api.elsevier.com/content/search/scopus?start=175&count=25&query=AFFIL%28dartmouth%29+AND+AUTHOR-NAME%28lewis%29+AND+PUBYEAR+%3E+2011
2019-09-17 11:19:02,827 - elsapy.elsclient - INFO - Sending GET request to https://api.elsevier.com/content/search/scopus?start=200&count=25&query=AFFIL%28dartmouth%29+AND+AUTHOR-NAME%28lewis%29+AND+PUBYEAR+%3E+2011
2019-09-17 11:19:04,976 - elsapy.elsclient - INFO - Sending GET request to https://api.elsevier.com/content/search/scopus?start=225&count=25&query=AFFIL%28dartmouth%29+AND+AUTHOR-NAME%28lewis%29+AND+PUBYEAR+%3E+2011
2019-09-17 11:19:07,279 - elsapy.utils - INFO - Converting prism:coverDate
2019-09-17 11:23:39,721 - elsapy.elsclient - INFO - Module loaded.
2019-09-17 11:23:39,995 - elsapy.elsentity - INFO - Module loaded.
2019-09-17 11:23:39,995 - elsapy.utils - INFO - Module loaded.
2019-09-17 11:23:39,995 - elsapy.elsprofile - INFO - Module loaded.
2019-09-17 11:23:39,996 - elsapy.elsdoc - INFO - Module loaded.
2019-09-17 11:23:39,996 - elsapy.elssearch - INFO - Module loaded.
2019-09-17 11:23:40,726 - elsapy.elsclient - INFO - Sending GET request to https://api.elsevier.com/content/search/scopus?query=ABSTRACT%28lithium+cobalt+oxide%29+AFFIL%28dartmouth%29+PUBYEAR+%3E+2011
2019-09-17 11:33:28,872 - elsapy.elsclient - INFO - Module loaded.
2019-09-17 11:33:29,546 - elsapy.elsentity - INFO - Module loaded.
2019-09-17 11:33:29,547 - elsapy.utils - INFO - Module loaded.
2019-09-17 11:33:29,547 - elsapy.elsprofile - INFO - Module loaded.
2019-09-17 11:33:29,548 - elsapy.elsdoc - INFO - Module loaded.
2019-09-17 11:33:29,549 - elsapy.elssearch - INFO - Module loaded.
2019-09-17 11:33:29,876 - elsapy.elsclient - INFO - Sending GET request to https://api.elsevier.com/content/search/scopus?query=TITLE-ABS-KEY%28lithium+OR+cobalt+OR+oxide%29+PUBYEAR+%3E+2011
2019-09-17 11:33:31,935 - elsapy.elsclient - INFO - Sending GET request to https://api.elsevier.com/content/search/scopus?start=25&count=25&query=TITLE-ABS-KEY%28lithium+OR+cobalt+OR+oxide%29+PUBYEAR+%3E+2011
2019-09-17 11:33:34,033 - elsapy.elsclient - INFO - Sending GET request to https://api.elsevier.com/content/search/scopus?start=50&count=25&query=TITLE-ABS-KEY%28lithium+OR+cobalt+OR+oxide%29+PUBYEAR+%3E+2011
2019-09-17 11:33:36,103 - elsapy.elsclient - INFO - Sending GET request to https://api.elsevier.com/content/search/scopus?start=75&count=25&query=TITLE-ABS-KEY%28lithium+OR+cobalt+OR+oxide%29+PUBYEAR+%3E+2011
2019-09-17 11:33:38,112 - elsapy.elsclient - INFO - Sending GET request to https://api.elsevier.com/content/search/scopus?start=100&count=25&query=TITLE-ABS-KEY%28lithium+OR+cobalt+OR+oxide%29+PUBYEAR+%3E+2011
2019-09-17 11:33:40,305 - elsapy.elsclient - INFO - Sending GET request to https://api.elsevier.com/content/search/scopus?start=125&count=25&query=TITLE-ABS-KEY%28lithium+OR+cobalt+OR+oxide%29+PUBYEAR+%3E+2011
2019-09-17 11:33:42,303 - elsapy.elsclient - INFO - Sending GET request to https://api.elsevier.com/content/search/scopus?start=150&count=25&query=TITLE-ABS-KEY%28lithium+OR+cobalt+OR+oxide%29+PUBYEAR+%3E+2011
2019-09-17 11:33:44,476 - elsapy.elsclient - INFO - Sending GET request to https://api.elsevier.com/content/search/scopus?start=175&count=25&query=TITLE-ABS-KEY%28lithium+OR+cobalt+OR+oxide%29+PUBYEAR+%3E+2011
2019-09-17 11:33:46,776 - elsapy.elsclient - INFO - Sending GET request to https://api.elsevier.com/content/search/scopus?start=200&count=25&query=TITLE-ABS-KEY%28lithium+OR+cobalt+OR+oxide%29+PUBYEAR+%3E+2011
2019-09-17 11:33:49,135 - elsapy.elsclient - INFO - Sending GET request to https://api.elsevier.com/content/search/scopus?start=225&count=25&query=TITLE-ABS-KEY%28lithium+OR+cobalt+OR+oxide%29+PUBYEAR+%3E+2011
2019-09-17 11:33:51,329 - elsapy.elsclient - INFO - Sending GET request to https://api.elsevier.com/content/search/scopus?start=250&count=25&query=TITLE-ABS-KEY%28lithium+OR+cobalt+OR+oxide%29+PUBYEAR+%3E+2011
2019-09-17 11:33:54,297 - elsapy.elsclient - INFO - Sending GET request to https://api.elsevier.com/content/search/scopus?start=275&count=25&query=TITLE-ABS-KEY%28lithium+OR+cobalt+OR+oxide%29+PUBYEAR+%3E+2011
2019-09-17 11:33:56,492 - elsapy.elsclient - INFO - Sending GET request to https://api.elsevier.com/content/search/scopus?start=300&count=25&query=TITLE-ABS-KEY%28lithium+OR+cobalt+OR+oxide%29+PUBYEAR+%3E+2011
2019-09-17 11:33:58,684 - elsapy.elsclient - INFO - Sending GET request to https://api.elsevier.com/content/search/scopus?start=325&count=25&query=TITLE-ABS-KEY%28lithium+OR+cobalt+OR+oxide%29+PUBYEAR+%3E+2011
2019-09-17 11:34:00,926 - elsapy.elsclient - INFO - Sending GET request to https://api.elsevier.com/content/search/scopus?start=350&count=25&query=TITLE-ABS-KEY%28lithium+OR+cobalt+OR+oxide%29+PUBYEAR+%3E+2011
2019-09-17 11:34:03,457 - elsapy.elsclient - INFO - Sending GET request to https://api.elsevier.com/content/search/scopus?start=375&count=25&query=TITLE-ABS-KEY%28lithium+OR+cobalt+OR+oxide%29+PUBYEAR+%3E+2011
2019-09-17 11:34:05,817 - elsapy.elsclient - INFO - Sending GET request to https://api.elsevier.com/content/search/scopus?start=400&count=25&query=TITLE-ABS-KEY%28lithium+OR+cobalt+OR+oxide%29+PUBYEAR+%3E+2011
2019-09-17 11:34:08,096 - elsapy.elsclient - INFO - Sending GET request to https://api.elsevier.com/content/search/scopus?start=425&count=25&query=TITLE-ABS-KEY%28lithium+OR+cobalt+OR+oxide%29+PUBYEAR+%3E+2011
2019-09-17 11:34:10,471 - elsapy.elsclient - INFO - Sending GET request to https://api.elsevier.com/content/search/scopus?start=450&count=25&query=TITLE-ABS-KEY%28lithium+OR+cobalt+OR+oxide%29+PUBYEAR+%3E+2011
2019-09-17 11:34:12,670 - elsapy.elsclient - INFO - Sending GET request to https://api.elsevier.com/content/search/scopus?start=475&count=25&query=TITLE-ABS-KEY%28lithium+OR+cobalt+OR+oxide%29+PUBYEAR+%3E+2011
2019-09-17 11:34:14,977 - elsapy.elsclient - INFO - Sending GET request to https://api.elsevier.com/content/search/scopus?start=500&count=25&query=TITLE-ABS-KEY%28lithium+OR+cobalt+OR+oxide%29+PUBYEAR+%3E+2011
2019-09-17 11:34:17,695 - elsapy.elsclient - INFO - Sending GET request to https://api.elsevier.com/content/search/scopus?start=525&count=25&query=TITLE-ABS-KEY%28lithium+OR+cobalt+OR+oxide%29+PUBYEAR+%3E+2011
2019-09-17 11:34:19,989 - elsapy.elsclient - INFO - Sending GET request to https://api.elsevier.com/content/search/scopus?start=550&count=25&query=TITLE-ABS-KEY%28lithium+OR+cobalt+OR+oxide%29+PUBYEAR+%3E+2011
2019-09-17 11:34:22,393 - elsapy.elsclient - INFO - Sending GET request to https://api.elsevier.com/content/search/scopus?start=575&count=25&query=TITLE-ABS-KEY%28lithium+OR+cobalt+OR+oxide%29+PUBYEAR+%3E+2011
2019-09-17 11:34:24,780 - elsapy.elsclient - INFO - Sending GET request to https://api.elsevier.com/content/search/scopus?start=600&count=25&query=TITLE-ABS-KEY%28lithium+OR+cobalt+OR+oxide%29+PUBYEAR+%3E+2011
2019-09-17 11:34:27,342 - elsapy.elsclient - INFO - Sending GET request to https://api.elsevier.com/content/search/scopus?start=625&count=25&query=TITLE-ABS-KEY%28lithium+OR+cobalt+OR+oxide%29+PUBYEAR+%3E+2011
2019-09-17 11:34:29,917 - elsapy.elsclient - INFO - Sending GET request to https://api.elsevier.com/content/search/scopus?start=650&count=25&query=TITLE-ABS-KEY%28lithium+OR+cobalt+OR+oxide%29+PUBYEAR+%3E+2011
2019-09-17 11:34:32,424 - elsapy.elsclient - INFO - Sending GET request to https://api.elsevier.com/content/search/scopus?start=675&count=25&query=TITLE-ABS-KEY%28lithium+OR+cobalt+OR+oxide%29+PUBYEAR+%3E+2011
2019-09-17 11:34:34,928 - elsapy.elsclient - INFO - Sending GET request to https://api.elsevier.com/content/search/scopus?start=700&count=25&query=TITLE-ABS-KEY%28lithium+OR+cobalt+OR+oxide%29+PUBYEAR+%3E+2011
2019-09-17 11:34:37,404 - elsapy.elsclient - INFO - Sending GET request to https://api.elsevier.com/content/search/scopus?start=725&count=25&query=TITLE-ABS-KEY%28lithium+OR+cobalt+OR+oxide%29+PUBYEAR+%3E+2011
2019-09-17 11:34:39,828 - elsapy.elsclient - INFO - Sending GET request to https://api.elsevier.com/content/search/scopus?start=750&count=25&query=TITLE-ABS-KEY%28lithium+OR+cobalt+OR+oxide%29+PUBYEAR+%3E+2011
2019-09-17 11:34:42,420 - elsapy.elsclient - INFO - Sending GET request to https://api.elsevier.com/content/search/scopus?start=775&count=25&query=TITLE-ABS-KEY%28lithium+OR+cobalt+OR+oxide%29+PUBYEAR+%3E+2011
2019-09-17 11:34:45,073 - elsapy.elsclient - INFO - Sending GET request to https://api.elsevier.com/content/search/scopus?start=800&count=25&query=TITLE-ABS-KEY%28lithium+OR+cobalt+OR+oxide%29+PUBYEAR+%3E+2011
2019-09-17 11:34:47,563 - elsapy.elsclient - INFO - Sending GET request to https://api.elsevier.com/content/search/scopus?start=825&count=25&query=TITLE-ABS-KEY%28lithium+OR+cobalt+OR+oxide%29+PUBYEAR+%3E+2011
2019-09-17 11:34:50,070 - elsapy.elsclient - INFO - Sending GET request to https://api.elsevier.com/content/search/scopus?start=850&count=25&query=TITLE-ABS-KEY%28lithium+OR+cobalt+OR+oxide%29+PUBYEAR+%3E+2011
2019-09-17 11:34:52,577 - elsapy.elsclient - INFO - Sending GET request to https://api.elsevier.com/content/search/scopus?start=875&count=25&query=TITLE-ABS-KEY%28lithium+OR+cobalt+OR+oxide%29+PUBYEAR+%3E+2011
2019-09-17 11:34:55,272 - elsapy.elsclient - INFO - Sending GET request to https://api.elsevier.com/content/search/scopus?start=900&count=25&query=TITLE-ABS-KEY%28lithium+OR+cobalt+OR+oxide%29+PUBYEAR+%3E+2011
2019-09-17 11:34:57,803 - elsapy.elsclient - INFO - Sending GET request to https://api.elsevier.com/content/search/scopus?start=925&count=25&query=TITLE-ABS-KEY%28lithium+OR+cobalt+OR+oxide%29+PUBYEAR+%3E+2011
2019-09-17 11:35:00,473 - elsapy.elsclient - INFO - Sending GET request to https://api.elsevier.com/content/search/scopus?start=950&count=25&query=TITLE-ABS-KEY%28lithium+OR+cobalt+OR+oxide%29+PUBYEAR+%3E+2011
2019-09-17 11:35:03,545 - elsapy.elsclient - INFO - Sending GET request to https://api.elsevier.com/content/search/scopus?start=975&count=25&query=TITLE-ABS-KEY%28lithium+OR+cobalt+OR+oxide%29+PUBYEAR+%3E+2011
2019-09-17 11:35:06,366 - elsapy.elsclient - INFO - Sending GET request to https://api.elsevier.com/content/search/scopus?start=1000&count=25&query=TITLE-ABS-KEY%28lithium+OR+cobalt+OR+oxide%29+PUBYEAR+%3E+2011
2019-09-17 11:35:08,920 - elsapy.elsclient - INFO - Sending GET request to https://api.elsevier.com/content/search/scopus?start=1025&count=25&query=TITLE-ABS-KEY%28lithium+OR+cobalt+OR+oxide%29+PUBYEAR+%3E+2011
2019-09-17 11:35:11,688 - elsapy.elsclient - INFO - Sending GET request to https://api.elsevier.com/content/search/scopus?start=1050&count=25&query=TITLE-ABS-KEY%28lithium+OR+cobalt+OR+oxide%29+PUBYEAR+%3E+2011
2019-09-17 11:35:14,529 - elsapy.elsclient - INFO - Sending GET request to https://api.elsevier.com/content/search/scopus?start=1075&count=25&query=TITLE-ABS-KEY%28lithium+OR+cobalt+OR+oxide%29+PUBYEAR+%3E+2011
2019-09-17 11:35:17,140 - elsapy.elsclient - INFO - Sending GET request to https://api.elsevier.com/content/search/scopus?start=1100&count=25&query=TITLE-ABS-KEY%28lithium+OR+cobalt+OR+oxide%29+PUBYEAR+%3E+2011
2019-09-17 11:35:19,831 - elsapy.elsclient - INFO - Sending GET request to https://api.elsevier.com/content/search/scopus?start=1125&count=25&query=TITLE-ABS-KEY%28lithium+OR+cobalt+OR+oxide%29+PUBYEAR+%3E+2011
2019-09-17 11:35:22,735 - elsapy.elsclient - INFO - Sending GET request to https://api.elsevier.com/content/search/scopus?start=1150&count=25&query=TITLE-ABS-KEY%28lithium+OR+cobalt+OR+oxide%29+PUBYEAR+%3E+2011
2019-09-17 11:35:25,648 - elsapy.elsclient - INFO - Sending GET request to https://api.elsevier.com/content/search/scopus?start=1175&count=25&query=TITLE-ABS-KEY%28lithium+OR+cobalt+OR+oxide%29+PUBYEAR+%3E+2011
2019-09-17 11:35:30,078 - elsapy.elsclient - INFO - Sending GET request to https://api.elsevier.com/content/search/scopus?start=1200&count=25&query=TITLE-ABS-KEY%28lithium+OR+cobalt+OR+oxide%29+PUBYEAR+%3E+2011
2019-09-17 11:35:42,353 - elsapy.elsclient - INFO - Module loaded.
2019-09-17 11:35:42,911 - elsapy.elsentity - INFO - Module loaded.
2019-09-17 11:35:42,912 - elsapy.utils - INFO - Module loaded.
2019-09-17 11:35:42,913 - elsapy.elsprofile - INFO - Module loaded.
2019-09-17 11:35:42,914 - elsapy.elsdoc - INFO - Module loaded.
2019-09-17 11:35:42,915 - elsapy.elssearch - INFO - Module loaded.
2019-09-17 11:35:43,358 - elsapy.elsclient - INFO - Sending GET request to https://api.elsevier.com/content/search/scopus?query=TITLE-ABS-KEY%28lithium+OR+cobalt+OR+oxide%29+PUBYEAR+%3E+2018
2019-09-17 11:35:45,534 - elsapy.elsclient - INFO - Sending GET request to https://api.elsevier.com/content/search/scopus?start=25&count=25&query=TITLE-ABS-KEY%28lithium+OR+cobalt+OR+oxide%29+PUBYEAR+%3E+2018
2019-09-17 11:35:47,727 - elsapy.elsclient - INFO - Sending GET request to https://api.elsevier.com/content/search/scopus?start=50&count=25&query=TITLE-ABS-KEY%28lithium+OR+cobalt+OR+oxide%29+PUBYEAR+%3E+2018
2019-09-17 11:35:50,345 - elsapy.elsclient - INFO - Sending GET request to https://api.elsevier.com/content/search/scopus?start=75&count=25&query=TITLE-ABS-KEY%28lithium+OR+cobalt+OR+oxide%29+PUBYEAR+%3E+2018
2019-09-17 11:35:52,638 - elsapy.elsclient - INFO - Sending GET request to https://api.elsevier.com/content/search/scopus?start=100&count=25&query=TITLE-ABS-KEY%28lithium+OR+cobalt+OR+oxide%29+PUBYEAR+%3E+2018
2019-09-17 11:35:55,038 - elsapy.elsclient - INFO - Sending GET request to https://api.elsevier.com/content/search/scopus?start=125&count=25&query=TITLE-ABS-KEY%28lithium+OR+cobalt+OR+oxide%29+PUBYEAR+%3E+2018
2019-09-17 11:35:57,733 - elsapy.elsclient - INFO - Sending GET request to https://api.elsevier.com/content/search/scopus?start=150&count=25&query=TITLE-ABS-KEY%28lithium+OR+cobalt+OR+oxide%29+PUBYEAR+%3E+2018
2019-09-17 11:35:59,842 - elsapy.elsclient - INFO - Sending GET request to https://api.elsevier.com/content/search/scopus?start=175&count=25&query=TITLE-ABS-KEY%28lithium+OR+cobalt+OR+oxide%29+PUBYEAR+%3E+2018
2019-09-17 11:36:02,092 - elsapy.elsclient - INFO - Sending GET request to https://api.elsevier.com/content/search/scopus?start=200&count=25&query=TITLE-ABS-KEY%28lithium+OR+cobalt+OR+oxide%29+PUBYEAR+%3E+2018
2019-09-17 11:36:04,472 - elsapy.elsclient - INFO - Sending GET request to https://api.elsevier.com/content/search/scopus?start=225&count=25&query=TITLE-ABS-KEY%28lithium+OR+cobalt+OR+oxide%29+PUBYEAR+%3E+2018
2019-09-17 11:36:06,634 - elsapy.elsclient - INFO - Sending GET request to https://api.elsevier.com/content/search/scopus?start=250&count=25&query=TITLE-ABS-KEY%28lithium+OR+cobalt+OR+oxide%29+PUBYEAR+%3E+2018
2019-09-17 11:36:08,857 - elsapy.elsclient - INFO - Sending GET request to https://api.elsevier.com/content/search/scopus?start=275&count=25&query=TITLE-ABS-KEY%28lithium+OR+cobalt+OR+oxide%29+PUBYEAR+%3E+2018
2019-09-17 11:36:11,325 - elsapy.elsclient - INFO - Sending GET request to https://api.elsevier.com/content/search/scopus?start=300&count=25&query=TITLE-ABS-KEY%28lithium+OR+cobalt+OR+oxide%29+PUBYEAR+%3E+2018
2019-09-17 11:36:13,736 - elsapy.elsclient - INFO - Sending GET request to https://api.elsevier.com/content/search/scopus?start=325&count=25&query=TITLE-ABS-KEY%28lithium+OR+cobalt+OR+oxide%29+PUBYEAR+%3E+2018
2019-09-17 11:36:16,557 - elsapy.elsclient - INFO - Sending GET request to https://api.elsevier.com/content/search/scopus?start=350&count=25&query=TITLE-ABS-KEY%28lithium+OR+cobalt+OR+oxide%29+PUBYEAR+%3E+2018
2019-09-17 11:36:18,854 - elsapy.elsclient - INFO - Sending GET request to https://api.elsevier.com/content/search/scopus?start=375&count=25&query=TITLE-ABS-KEY%28lithium+OR+cobalt+OR+oxide%29+PUBYEAR+%3E+2018
2019-09-17 11:36:20,945 - elsapy.elsclient - INFO - Sending GET request to https://api.elsevier.com/content/search/scopus?start=400&count=25&query=TITLE-ABS-KEY%28lithium+OR+cobalt+OR+oxide%29+PUBYEAR+%3E+2018
2019-09-17 11:36:23,106 - elsapy.elsclient - INFO - Sending GET request to https://api.elsevier.com/content/search/scopus?start=425&count=25&query=TITLE-ABS-KEY%28lithium+OR+cobalt+OR+oxide%29+PUBYEAR+%3E+2018
2019-09-17 11:36:25,538 - elsapy.elsclient - INFO - Sending GET request to https://api.elsevier.com/content/search/scopus?start=450&count=25&query=TITLE-ABS-KEY%28lithium+OR+cobalt+OR+oxide%29+PUBYEAR+%3E+2018
2019-09-17 11:36:27,834 - elsapy.elsclient - INFO - Sending GET request to https://api.elsevier.com/content/search/scopus?start=475&count=25&query=TITLE-ABS-KEY%28lithium+OR+cobalt+OR+oxide%29+PUBYEAR+%3E+2018
2019-09-17 11:36:29,922 - elsapy.elsclient - INFO - Sending GET request to https://api.elsevier.com/content/search/scopus?start=500&count=25&query=TITLE-ABS-KEY%28lithium+OR+cobalt+OR+oxide%29+PUBYEAR+%3E+2018
2019-09-17 11:36:32,501 - elsapy.elsclient - INFO - Sending GET request to https://api.elsevier.com/content/search/scopus?start=525&count=25&query=TITLE-ABS-KEY%28lithium+OR+cobalt+OR+oxide%29+PUBYEAR+%3E+2018
2019-09-17 11:36:34,676 - elsapy.elsclient - INFO - Sending GET request to https://api.elsevier.com/content/search/scopus?start=550&count=25&query=TITLE-ABS-KEY%28lithium+OR+cobalt+OR+oxide%29+PUBYEAR+%3E+2018
2019-09-17 11:36:40,892 - elsapy.elsclient - INFO - Sending GET request to https://api.elsevier.com/content/search/scopus?start=575&count=25&query=TITLE-ABS-KEY%28lithium+OR+cobalt+OR+oxide%29+PUBYEAR+%3E+2018
2019-09-17 11:36:43,504 - elsapy.elsclient - INFO - Sending GET request to https://api.elsevier.com/content/search/scopus?start=600&count=25&query=TITLE-ABS-KEY%28lithium+OR+cobalt+OR+oxide%29+PUBYEAR+%3E+2018
2019-09-17 11:36:46,218 - elsapy.elsclient - INFO - Sending GET request to https://api.elsevier.com/content/search/scopus?start=625&count=25&query=TITLE-ABS-KEY%28lithium+OR+cobalt+OR+oxide%29+PUBYEAR+%3E+2018
2019-09-17 11:36:50,513 - elsapy.elsclient - INFO - Sending GET request to https://api.elsevier.com/content/search/scopus?start=650&count=25&query=TITLE-ABS-KEY%28lithium+OR+cobalt+OR+oxide%29+PUBYEAR+%3E+2018
2019-09-17 11:36:54,051 - elsapy.elsclient - INFO - Sending GET request to https://api.elsevier.com/content/search/scopus?start=675&count=25&query=TITLE-ABS-KEY%28lithium+OR+cobalt+OR+oxide%29+PUBYEAR+%3E+2018
2019-09-17 11:36:56,978 - elsapy.elsclient - INFO - Sending GET request to https://api.elsevier.com/content/search/scopus?start=700&count=25&query=TITLE-ABS-KEY%28lithium+OR+cobalt+OR+oxide%29+PUBYEAR+%3E+2018
2019-09-17 11:36:59,482 - elsapy.elsclient - INFO - Sending GET request to https://api.elsevier.com/content/search/scopus?start=725&count=25&query=TITLE-ABS-KEY%28lithium+OR+cobalt+OR+oxide%29+PUBYEAR+%3E+2018
2019-09-17 11:37:02,215 - elsapy.elsclient - INFO - Sending GET request to https://api.elsevier.com/content/search/scopus?start=750&count=25&query=TITLE-ABS-KEY%28lithium+OR+cobalt+OR+oxide%29+PUBYEAR+%3E+2018
2019-09-17 11:37:04,934 - elsapy.elsclient - INFO - Sending GET request to https://api.elsevier.com/content/search/scopus?start=775&count=25&query=TITLE-ABS-KEY%28lithium+OR+cobalt+OR+oxide%29+PUBYEAR+%3E+2018
2019-09-17 11:37:07,521 - elsapy.elsclient - INFO - Sending GET request to https://api.elsevier.com/content/search/scopus?start=800&count=25&query=TITLE-ABS-KEY%28lithium+OR+cobalt+OR+oxide%29+PUBYEAR+%3E+2018
2019-09-17 11:37:10,138 - elsapy.elsclient - INFO - Sending GET request to https://api.elsevier.com/content/search/scopus?start=825&count=25&query=TITLE-ABS-KEY%28lithium+OR+cobalt+OR+oxide%29+PUBYEAR+%3E+2018
2019-09-17 11:37:12,804 - elsapy.elsclient - INFO - Sending GET request to https://api.elsevier.com/content/search/scopus?start=850&count=25&query=TITLE-ABS-KEY%28lithium+OR+cobalt+OR+oxide%29+PUBYEAR+%3E+2018
2019-09-17 11:37:15,358 - elsapy.elsclient - INFO - Sending GET request to https://api.elsevier.com/content/search/scopus?start=875&count=25&query=TITLE-ABS-KEY%28lithium+OR+cobalt+OR+oxide%29+PUBYEAR+%3E+2018
2019-09-17 11:37:18,076 - elsapy.elsclient - INFO - Sending GET request to https://api.elsevier.com/content/search/scopus?start=900&count=25&query=TITLE-ABS-KEY%28lithium+OR+cobalt+OR+oxide%29+PUBYEAR+%3E+2018
2019-09-17 11:37:20,685 - elsapy.elsclient - INFO - Sending GET request to https://api.elsevier.com/content/search/scopus?start=925&count=25&query=TITLE-ABS-KEY%28lithium+OR+cobalt+OR+oxide%29+PUBYEAR+%3E+2018
2019-09-17 11:37:23,238 - elsapy.elsclient - INFO - Sending GET request to https://api.elsevier.com/content/search/scopus?start=950&count=25&query=TITLE-ABS-KEY%28lithium+OR+cobalt+OR+oxide%29+PUBYEAR+%3E+2018
2019-09-17 11:37:25,908 - elsapy.elsclient - INFO - Sending GET request to https://api.elsevier.com/content/search/scopus?start=975&count=25&query=TITLE-ABS-KEY%28lithium+OR+cobalt+OR+oxide%29+PUBYEAR+%3E+2018
2019-09-17 11:37:28,518 - elsapy.elsclient - INFO - Sending GET request to https://api.elsevier.com/content/search/scopus?start=1000&count=25&query=TITLE-ABS-KEY%28lithium+OR+cobalt+OR+oxide%29+PUBYEAR+%3E+2018
2019-09-17 11:37:31,549 - elsapy.elsclient - INFO - Sending GET request to https://api.elsevier.com/content/search/scopus?start=1025&count=25&query=TITLE-ABS-KEY%28lithium+OR+cobalt+OR+oxide%29+PUBYEAR+%3E+2018
2019-09-17 11:37:34,685 - elsapy.elsclient - INFO - Sending GET request to https://api.elsevier.com/content/search/scopus?start=1050&count=25&query=TITLE-ABS-KEY%28lithium+OR+cobalt+OR+oxide%29+PUBYEAR+%3E+2018
2019-09-17 11:37:37,452 - elsapy.elsclient - INFO - Sending GET request to https://api.elsevier.com/content/search/scopus?start=1075&count=25&query=TITLE-ABS-KEY%28lithium+OR+cobalt+OR+oxide%29+PUBYEAR+%3E+2018
2019-09-17 11:37:40,046 - elsapy.elsclient - INFO - Sending GET request to https://api.elsevier.com/content/search/scopus?start=1100&count=25&query=TITLE-ABS-KEY%28lithium+OR+cobalt+OR+oxide%29+PUBYEAR+%3E+2018
2019-09-17 11:37:43,040 - elsapy.elsclient - INFO - Sending GET request to https://api.elsevier.com/content/search/scopus?start=1125&count=25&query=TITLE-ABS-KEY%28lithium+OR+cobalt+OR+oxide%29+PUBYEAR+%3E+2018
2019-09-17 11:37:46,381 - elsapy.elsclient - INFO - Sending GET request to https://api.elsevier.com/content/search/scopus?start=1150&count=25&query=TITLE-ABS-KEY%28lithium+OR+cobalt+OR+oxide%29+PUBYEAR+%3E+2018
2019-09-17 11:37:49,000 - elsapy.elsclient - INFO - Sending GET request to https://api.elsevier.com/content/search/scopus?start=1175&count=25&query=TITLE-ABS-KEY%28lithium+OR+cobalt+OR+oxide%29+PUBYEAR+%3E+2018
2019-09-17 11:37:51,775 - elsapy.elsclient - INFO - Sending GET request to https://api.elsevier.com/content/search/scopus?start=1200&count=25&query=TITLE-ABS-KEY%28lithium+OR+cobalt+OR+oxide%29+PUBYEAR+%3E+2018
2019-09-17 11:37:54,635 - elsapy.elsclient - INFO - Sending GET request to https://api.elsevier.com/content/search/scopus?start=1225&count=25&query=TITLE-ABS-KEY%28lithium+OR+cobalt+OR+oxide%29+PUBYEAR+%3E+2018
2019-09-17 11:37:57,499 - elsapy.elsclient - INFO - Sending GET request to https://api.elsevier.com/content/search/scopus?start=1250&count=25&query=TITLE-ABS-KEY%28lithium+OR+cobalt+OR+oxide%29+PUBYEAR+%3E+2018
2019-09-17 11:38:00,271 - elsapy.elsclient - INFO - Sending GET request to https://api.elsevier.com/content/search/scopus?start=1275&count=25&query=TITLE-ABS-KEY%28lithium+OR+cobalt+OR+oxide%29+PUBYEAR+%3E+2018
2019-09-17 11:38:03,612 - elsapy.elsclient - INFO - Sending GET request to https://api.elsevier.com/content/search/scopus?start=1300&count=25&query=TITLE-ABS-KEY%28lithium+OR+cobalt+OR+oxide%29+PUBYEAR+%3E+2018
2019-09-17 11:38:06,921 - elsapy.elsclient - INFO - Sending GET request to https://api.elsevier.com/content/search/scopus?start=1325&count=25&query=TITLE-ABS-KEY%28lithium+OR+cobalt+OR+oxide%29+PUBYEAR+%3E+2018
2019-09-17 11:38:09,988 - elsapy.elsclient - INFO - Sending GET request to https://api.elsevier.com/content/search/scopus?start=1350&count=25&query=TITLE-ABS-KEY%28lithium+OR+cobalt+OR+oxide%29+PUBYEAR+%3E+2018
2019-09-17 11:38:12,726 - elsapy.elsclient - INFO - Sending GET request to https://api.elsevier.com/content/search/scopus?start=1375&count=25&query=TITLE-ABS-KEY%28lithium+OR+cobalt+OR+oxide%29+PUBYEAR+%3E+2018
2019-09-17 11:38:15,624 - elsapy.elsclient - INFO - Sending GET request to https://api.elsevier.com/content/search/scopus?start=1400&count=25&query=TITLE-ABS-KEY%28lithium+OR+cobalt+OR+oxide%29+PUBYEAR+%3E+2018
2019-09-17 11:38:18,450 - elsapy.elsclient - INFO - Sending GET request to https://api.elsevier.com/content/search/scopus?start=1425&count=25&query=TITLE-ABS-KEY%28lithium+OR+cobalt+OR+oxide%29+PUBYEAR+%3E+2018
2019-09-17 11:38:22,001 - elsapy.elsclient - INFO - Sending GET request to https://api.elsevier.com/content/search/scopus?start=1450&count=25&query=TITLE-ABS-KEY%28lithium+OR+cobalt+OR+oxide%29+PUBYEAR+%3E+2018
2019-09-17 11:38:24,933 - elsapy.elsclient - INFO - Sending GET request to https://api.elsevier.com/content/search/scopus?start=1475&count=25&query=TITLE-ABS-KEY%28lithium+OR+cobalt+OR+oxide%29+PUBYEAR+%3E+2018
2019-09-17 11:38:28,057 - elsapy.elsclient - INFO - Sending GET request to https://api.elsevier.com/content/search/scopus?start=1500&count=25&query=TITLE-ABS-KEY%28lithium+OR+cobalt+OR+oxide%29+PUBYEAR+%3E+2018
2019-09-17 11:38:31,189 - elsapy.elsclient - INFO - Sending GET request to https://api.elsevier.com/content/search/scopus?start=1525&count=25&query=TITLE-ABS-KEY%28lithium+OR+cobalt+OR+oxide%29+PUBYEAR+%3E+2018
2019-09-17 11:38:34,223 - elsapy.elsclient - INFO - Sending GET request to https://api.elsevier.com/content/search/scopus?start=1550&count=25&query=TITLE-ABS-KEY%28lithium+OR+cobalt+OR+oxide%29+PUBYEAR+%3E+2018
2019-09-17 11:38:37,399 - elsapy.elsclient - INFO - Sending GET request to https://api.elsevier.com/content/search/scopus?start=1575&count=25&query=TITLE-ABS-KEY%28lithium+OR+cobalt+OR+oxide%29+PUBYEAR+%3E+2018
2019-09-17 11:38:40,313 - elsapy.elsclient - INFO - Sending GET request to https://api.elsevier.com/content/search/scopus?start=1600&count=25&query=TITLE-ABS-KEY%28lithium+OR+cobalt+OR+oxide%29+PUBYEAR+%3E+2018
2019-09-17 11:38:43,204 - elsapy.elsclient - INFO - Sending GET request to https://api.elsevier.com/content/search/scopus?start=1625&count=25&query=TITLE-ABS-KEY%28lithium+OR+cobalt+OR+oxide%29+PUBYEAR+%3E+2018
2019-09-17 11:38:46,227 - elsapy.elsclient - INFO - Sending GET request to https://api.elsevier.com/content/search/scopus?start=1650&count=25&query=TITLE-ABS-KEY%28lithium+OR+cobalt+OR+oxide%29+PUBYEAR+%3E+2018
2019-09-17 11:38:49,047 - elsapy.elsclient - INFO - Sending GET request to https://api.elsevier.com/content/search/scopus?start=1675&count=25&query=TITLE-ABS-KEY%28lithium+OR+cobalt+OR+oxide%29+PUBYEAR+%3E+2018
2019-09-17 11:38:52,079 - elsapy.elsclient - INFO - Sending GET request to https://api.elsevier.com/content/search/scopus?start=1700&count=25&query=TITLE-ABS-KEY%28lithium+OR+cobalt+OR+oxide%29+PUBYEAR+%3E+2018
2019-09-17 11:38:55,034 - elsapy.elsclient - INFO - Sending GET request to https://api.elsevier.com/content/search/scopus?start=1725&count=25&query=TITLE-ABS-KEY%28lithium+OR+cobalt+OR+oxide%29+PUBYEAR+%3E+2018
2019-09-17 11:38:58,244 - elsapy.elsclient - INFO - Sending GET request to https://api.elsevier.com/content/search/scopus?start=1750&count=25&query=TITLE-ABS-KEY%28lithium+OR+cobalt+OR+oxide%29+PUBYEAR+%3E+2018
2019-09-17 11:39:01,374 - elsapy.elsclient - INFO - Sending GET request to https://api.elsevier.com/content/search/scopus?start=1775&count=25&query=TITLE-ABS-KEY%28lithium+OR+cobalt+OR+oxide%29+PUBYEAR+%3E+2018
2019-09-17 11:39:05,022 - elsapy.elsclient - INFO - Sending GET request to https://api.elsevier.com/content/search/scopus?start=1800&count=25&query=TITLE-ABS-KEY%28lithium+OR+cobalt+OR+oxide%29+PUBYEAR+%3E+2018
2019-09-17 11:39:08,195 - elsapy.elsclient - INFO - Sending GET request to https://api.elsevier.com/content/search/scopus?start=1825&count=25&query=TITLE-ABS-KEY%28lithium+OR+cobalt+OR+oxide%29+PUBYEAR+%3E+2018
2019-09-17 11:39:11,308 - elsapy.elsclient - INFO - Sending GET request to https://api.elsevier.com/content/search/scopus?start=1850&count=25&query=TITLE-ABS-KEY%28lithium+OR+cobalt+OR+oxide%29+PUBYEAR+%3E+2018
2019-09-17 11:39:14,589 - elsapy.elsclient - INFO - Sending GET request to https://api.elsevier.com/content/search/scopus?start=1875&count=25&query=TITLE-ABS-KEY%28lithium+OR+cobalt+OR+oxide%29+PUBYEAR+%3E+2018
2019-09-17 11:39:17,567 - elsapy.elsclient - INFO - Sending GET request to https://api.elsevier.com/content/search/scopus?start=1900&count=25&query=TITLE-ABS-KEY%28lithium+OR+cobalt+OR+oxide%29+PUBYEAR+%3E+2018
2019-09-17 11:39:20,662 - elsapy.elsclient - INFO - Sending GET request to https://api.elsevier.com/content/search/scopus?start=1925&count=25&query=TITLE-ABS-KEY%28lithium+OR+cobalt+OR+oxide%29+PUBYEAR+%3E+2018
2019-09-17 11:39:23,581 - elsapy.elsclient - INFO - Sending GET request to https://api.elsevier.com/content/search/scopus?start=1950&count=25&query=TITLE-ABS-KEY%28lithium+OR+cobalt+OR+oxide%29+PUBYEAR+%3E+2018
2019-09-17 11:39:26,688 - elsapy.elsclient - INFO - Sending GET request to https://api.elsevier.com/content/search/scopus?start=1975&count=25&query=TITLE-ABS-KEY%28lithium+OR+cobalt+OR+oxide%29+PUBYEAR+%3E+2018
2019-09-17 11:39:29,700 - elsapy.elsclient - INFO - Sending GET request to https://api.elsevier.com/content/search/scopus?start=2000&count=25&query=TITLE-ABS-KEY%28lithium+OR+cobalt+OR+oxide%29+PUBYEAR+%3E+2018
2019-09-17 11:39:32,813 - elsapy.elsclient - INFO - Sending GET request to https://api.elsevier.com/content/search/scopus?start=2025&count=25&query=TITLE-ABS-KEY%28lithium+OR+cobalt+OR+oxide%29+PUBYEAR+%3E+2018
2019-09-17 11:39:35,948 - elsapy.elsclient - INFO - Sending GET request to https://api.elsevier.com/content/search/scopus?start=2050&count=25&query=TITLE-ABS-KEY%28lithium+OR+cobalt+OR+oxide%29+PUBYEAR+%3E+2018
2019-09-17 11:39:39,400 - elsapy.elsclient - INFO - Sending GET request to https://api.elsevier.com/content/search/scopus?start=2075&count=25&query=TITLE-ABS-KEY%28lithium+OR+cobalt+OR+oxide%29+PUBYEAR+%3E+2018
2019-09-17 11:39:42,841 - elsapy.elsclient - INFO - Sending GET request to https://api.elsevier.com/content/search/scopus?start=2100&count=25&query=TITLE-ABS-KEY%28lithium+OR+cobalt+OR+oxide%29+PUBYEAR+%3E+2018
2019-09-17 11:39:46,362 - elsapy.elsclient - INFO - Sending GET request to https://api.elsevier.com/content/search/scopus?start=2125&count=25&query=TITLE-ABS-KEY%28lithium+OR+cobalt+OR+oxide%29+PUBYEAR+%3E+2018
2019-09-17 11:39:49,528 - elsapy.elsclient - INFO - Sending GET request to https://api.elsevier.com/content/search/scopus?start=2150&count=25&query=TITLE-ABS-KEY%28lithium+OR+cobalt+OR+oxide%29+PUBYEAR+%3E+2018
2019-09-17 11:39:52,660 - elsapy.elsclient - INFO - Sending GET request to https://api.elsevier.com/content/search/scopus?start=2175&count=25&query=TITLE-ABS-KEY%28lithium+OR+cobalt+OR+oxide%29+PUBYEAR+%3E+2018
2019-09-17 11:39:56,073 - elsapy.elsclient - INFO - Sending GET request to https://api.elsevier.com/content/search/scopus?start=2200&count=25&query=TITLE-ABS-KEY%28lithium+OR+cobalt+OR+oxide%29+PUBYEAR+%3E+2018
2019-09-17 11:39:59,298 - elsapy.elsclient - INFO - Sending GET request to https://api.elsevier.com/content/search/scopus?start=2225&count=25&query=TITLE-ABS-KEY%28lithium+OR+cobalt+OR+oxide%29+PUBYEAR+%3E+2018
2019-09-17 11:40:05,415 - elsapy.elsclient - INFO - Module loaded.
2019-09-17 11:40:06,009 - elsapy.elsentity - INFO - Module loaded.
2019-09-17 11:40:06,010 - elsapy.utils - INFO - Module loaded.
2019-09-17 11:40:06,011 - elsapy.elsprofile - INFO - Module loaded.
2019-09-17 11:40:06,012 - elsapy.elsdoc - INFO - Module loaded.
2019-09-17 11:40:06,013 - elsapy.elssearch - INFO - Module loaded.
2019-09-17 11:40:06,418 - elsapy.elsclient - INFO - Sending GET request to https://api.elsevier.com/content/search/scopus?query=TITLE-ABS-KEY%28lithium+OR+cobalt+OR+oxide%29+PUBYEAR+%3E+2019
2019-09-17 11:40:08,849 - elsapy.elsclient - INFO - Sending GET request to https://api.elsevier.com/content/search/scopus?start=25&count=25&query=TITLE-ABS-KEY%28lithium+OR+cobalt+OR+oxide%29+PUBYEAR+%3E+2019
2019-09-17 11:40:10,942 - elsapy.elsclient - INFO - Sending GET request to https://api.elsevier.com/content/search/scopus?start=50&count=25&query=TITLE-ABS-KEY%28lithium+OR+cobalt+OR+oxide%29+PUBYEAR+%3E+2019
2019-09-17 11:40:13,134 - elsapy.elsclient - INFO - Sending GET request to https://api.elsevier.com/content/search/scopus?start=75&count=25&query=TITLE-ABS-KEY%28lithium+OR+cobalt+OR+oxide%29+PUBYEAR+%3E+2019
2019-09-17 11:40:25,059 - elsapy.elsclient - INFO - Module loaded.
2019-09-17 11:40:25,397 - elsapy.elsentity - INFO - Module loaded.
2019-09-17 11:40:25,397 - elsapy.utils - INFO - Module loaded.
2019-09-17 11:40:25,397 - elsapy.elsprofile - INFO - Module loaded.
2019-09-17 11:40:25,398 - elsapy.elsdoc - INFO - Module loaded.
2019-09-17 11:40:25,398 - elsapy.elssearch - INFO - Module loaded.
2019-09-17 11:40:26,063 - elsapy.elsclient - INFO - Sending GET request to https://api.elsevier.com/content/search/scopus?query=TITLE-ABS-KEY%28lithium+AND+cobalt+AND+oxide%29+PUBYEAR+%3E+2019
2019-09-17 11:40:26,882 - elsapy.utils - INFO - Converting prism:coverDate
2019-09-17 11:40:50,757 - elsapy.elsclient - INFO - Module loaded.
2019-09-17 11:40:51,036 - elsapy.elsentity - INFO - Module loaded.
2019-09-17 11:40:51,037 - elsapy.utils - INFO - Module loaded.
2019-09-17 11:40:51,037 - elsapy.elsprofile - INFO - Module loaded.
2019-09-17 11:40:51,038 - elsapy.elsdoc - INFO - Module loaded.
2019-09-17 11:40:51,038 - elsapy.elssearch - INFO - Module loaded.
2019-09-17 11:40:51,761 - elsapy.elsclient - INFO - Sending GET request to https://api.elsevier.com/content/search/scopus?query=TITLE-ABS-KEY%28lithium+AND+cobalt+AND+oxide%29+PUBYEAR+%3E+2019
2019-09-17 11:40:52,765 - elsapy.utils - INFO - Converting prism:coverDate
2019-09-17 11:47:10,412 - elsapy.elsclient - INFO - Module loaded.
2019-09-17 11:47:10,684 - elsapy.elsentity - INFO - Module loaded.
2019-09-17 11:47:10,684 - elsapy.utils - INFO - Module loaded.
2019-09-17 11:47:10,685 - elsapy.elsprofile - INFO - Module loaded.
2019-09-17 11:47:10,685 - elsapy.elsdoc - INFO - Module loaded.
2019-09-17 11:47:10,686 - elsapy.elssearch - INFO - Module loaded.
2019-09-17 11:47:11,417 - elsapy.elsclient - INFO - Sending GET request to https://api.elsevier.com/content/search/scopus?query=TITLE-ABS-KEY%28lithium+AND+cobalt+AND+oxide%29+PUBYEAR+%3E+2019
2019-09-17 11:47:12,077 - elsapy.utils - INFO - Converting prism:coverDate
2019-09-17 11:48:31,147 - elsapy.elsclient - INFO - Module loaded.
2019-09-17 11:48:31,446 - elsapy.elsentity - INFO - Module loaded.
2019-09-17 11:48:31,446 - elsapy.utils - INFO - Module loaded.
2019-09-17 11:48:31,447 - elsapy.elsprofile - INFO - Module loaded.
2019-09-17 11:48:31,447 - elsapy.elsdoc - INFO - Module loaded.
2019-09-17 11:48:31,448 - elsapy.elssearch - INFO - Module loaded.
2019-09-17 11:48:32,153 - elsapy.elsclient - INFO - Sending GET request to https://api.elsevier.com/content/search/scopus?query=TITLE-ABS-KEY%28lithium+AND+cobalt+AND+oxide%29+PUBYEAR+%3E+2019
2019-09-17 11:48:32,861 - elsapy.utils - INFO - Converting prism:coverDate
2019-09-17 11:50:26,161 - elsapy.elsclient - INFO - Sending GET request to https://api.elsevier.com/content/search/scopus?query=TITLE-ABS-KEY%28lithium+AND+cobalt+AND+oxide%29+PUBYEAR+%3E+2019
2019-09-17 11:50:26,920 - elsapy.utils - INFO - Converting prism:coverDate
2019-09-17 11:50:36,081 - elsapy.elsclient - INFO - Sending GET request to https://api.elsevier.com/content/search/scopus?query=TITLE-ABS-KEY%28lithium+AND+cobalt+AND+oxide%29+PUBYEAR+%3E+2019
2019-09-17 11:50:36,818 - elsapy.utils - INFO - Converting prism:coverDate
2019-09-17 11:50:57,020 - elsapy.elsclient - INFO - Sending GET request to https://api.elsevier.com/content/search/scopus?query=TITLE-ABS-KEY%28lithium+AND+cobalt+AND+oxide%29+PUBYEAR+%3E+2019
2019-09-17 11:50:57,942 - elsapy.utils - INFO - Converting prism:coverDate
2019-09-17 11:50:58,941 - elsapy.elsclient - INFO - Sending GET request to https://api.elsevier.com/content/abstract/scopus_id/85070320937
2019-09-17 11:50:59,797 - elsapy.elsentity - INFO - Data loaded for https://api.elsevier.com/content/abstract/scopus_id/85070320937
2019-09-17 12:51:44,183 - elsapy.elsclient - INFO - Module loaded.
2019-09-17 12:51:44,549 - elsapy.elsentity - INFO - Module loaded.
2019-09-17 12:51:44,550 - elsapy.utils - INFO - Module loaded.
2019-09-17 12:51:44,550 - elsapy.elsprofile - INFO - Module loaded.
2019-09-17 12:51:44,551 - elsapy.elsdoc - INFO - Module loaded.
2019-09-17 12:51:44,552 - elsapy.elssearch - INFO - Module loaded.
2019-09-17 12:51:45,186 - elsapy.elsclient - INFO - Sending GET request to https://api.elsevier.com/content/search/scopus?query=TITLE-ABS-KEY%28lithium+AND+cobalt+AND+oxide%29+PUBYEAR+%3E+2019
2019-09-17 12:51:46,320 - elsapy.utils - INFO - Converting prism:coverDate
2019-09-17 12:51:54,858 - elsapy.elsclient - INFO - Module loaded.
2019-09-17 12:51:55,136 - elsapy.elsentity - INFO - Module loaded.
2019-09-17 12:51:55,136 - elsapy.utils - INFO - Module loaded.
2019-09-17 12:51:55,136 - elsapy.elsprofile - INFO - Module loaded.
2019-09-17 12:51:55,137 - elsapy.elsdoc - INFO - Module loaded.
2019-09-17 12:51:55,137 - elsapy.elssearch - INFO - Module loaded.
2019-09-17 12:51:55,863 - elsapy.elsclient - INFO - Sending GET request to https://api.elsevier.com/content/search/scopus?query=TITLE-ABS-KEY%28lithium+AND+cobalt+AND+oxide%29+PUBYEAR+%3E+2019
2019-09-17 12:51:57,100 - elsapy.utils - INFO - Converting prism:coverDate
2019-09-17 12:52:16,145 - elsapy.elsclient - INFO - Module loaded.
2019-09-17 12:52:16,415 - elsapy.elsentity - INFO - Module loaded.
2019-09-17 12:52:16,415 - elsapy.utils - INFO - Module loaded.
2019-09-17 12:52:16,416 - elsapy.elsprofile - INFO - Module loaded.
2019-09-17 12:52:16,416 - elsapy.elsdoc - INFO - Module loaded.
2019-09-17 12:52:16,417 - elsapy.elssearch - INFO - Module loaded.
2019-09-17 12:52:17,148 - elsapy.elsclient - INFO - Sending GET request to https://api.elsevier.com/content/search/scopus?query=TITLE-ABS-KEY%28lithium+AND+cobalt+AND+oxide%29+PUBYEAR+%3E+2018
2019-09-17 12:52:19,405 - elsapy.elsclient - INFO - Sending GET request to https://api.elsevier.com/content/search/scopus?start=25&count=25&query=TITLE-ABS-KEY%28lithium+AND+cobalt+AND+oxide%29+PUBYEAR+%3E+2018
2019-09-17 12:52:21,490 - elsapy.elsclient - INFO - Sending GET request to https://api.elsevier.com/content/search/scopus?start=50&count=25&query=TITLE-ABS-KEY%28lithium+AND+cobalt+AND+oxide%29+PUBYEAR+%3E+2018
2019-09-17 12:52:23,584 - elsapy.elsclient - INFO - Sending GET request to https://api.elsevier.com/content/search/scopus?start=75&count=25&query=TITLE-ABS-KEY%28lithium+AND+cobalt+AND+oxide%29+PUBYEAR+%3E+2018
2019-09-17 12:52:25,566 - elsapy.elsclient - INFO - Sending GET request to https://api.elsevier.com/content/search/scopus?start=100&count=25&query=TITLE-ABS-KEY%28lithium+AND+cobalt+AND+oxide%29+PUBYEAR+%3E+2018
2019-09-17 12:52:27,655 - elsapy.elsclient - INFO - Sending GET request to https://api.elsevier.com/content/search/scopus?start=125&count=25&query=TITLE-ABS-KEY%28lithium+AND+cobalt+AND+oxide%29+PUBYEAR+%3E+2018
2019-09-17 12:52:29,641 - elsapy.elsclient - INFO - Sending GET request to https://api.elsevier.com/content/search/scopus?start=150&count=25&query=TITLE-ABS-KEY%28lithium+AND+cobalt+AND+oxide%29+PUBYEAR+%3E+2018
2019-09-17 12:52:31,621 - elsapy.elsclient - INFO - Sending GET request to https://api.elsevier.com/content/search/scopus?start=175&count=25&query=TITLE-ABS-KEY%28lithium+AND+cobalt+AND+oxide%29+PUBYEAR+%3E+2018
2019-09-17 12:52:33,611 - elsapy.elsclient - INFO - Sending GET request to https://api.elsevier.com/content/search/scopus?start=200&count=25&query=TITLE-ABS-KEY%28lithium+AND+cobalt+AND+oxide%29+PUBYEAR+%3E+2018
2019-09-17 12:52:35,904 - elsapy.elsclient - INFO - Sending GET request to https://api.elsevier.com/content/search/scopus?start=225&count=25&query=TITLE-ABS-KEY%28lithium+AND+cobalt+AND+oxide%29+PUBYEAR+%3E+2018
2019-09-17 12:52:37,892 - elsapy.elsclient - INFO - Sending GET request to https://api.elsevier.com/content/search/scopus?start=250&count=25&query=TITLE-ABS-KEY%28lithium+AND+cobalt+AND+oxide%29+PUBYEAR+%3E+2018
2019-09-17 12:52:39,875 - elsapy.elsclient - INFO - Sending GET request to https://api.elsevier.com/content/search/scopus?start=275&count=25&query=TITLE-ABS-KEY%28lithium+AND+cobalt+AND+oxide%29+PUBYEAR+%3E+2018
2019-09-17 12:52:41,856 - elsapy.elsclient - INFO - Sending GET request to https://api.elsevier.com/content/search/scopus?start=300&count=25&query=TITLE-ABS-KEY%28lithium+AND+cobalt+AND+oxide%29+PUBYEAR+%3E+2018
2019-09-17 12:52:43,950 - elsapy.elsclient - INFO - Sending GET request to https://api.elsevier.com/content/search/scopus?start=325&count=25&query=TITLE-ABS-KEY%28lithium+AND+cobalt+AND+oxide%29+PUBYEAR+%3E+2018
2019-09-17 12:52:45,935 - elsapy.elsclient - INFO - Sending GET request to https://api.elsevier.com/content/search/scopus?start=350&count=25&query=TITLE-ABS-KEY%28lithium+AND+cobalt+AND+oxide%29+PUBYEAR+%3E+2018
2019-09-17 12:52:48,232 - elsapy.elsclient - INFO - Sending GET request to https://api.elsevier.com/content/search/scopus?start=375&count=25&query=TITLE-ABS-KEY%28lithium+AND+cobalt+AND+oxide%29+PUBYEAR+%3E+2018
2019-09-17 12:52:49,290 - elsapy.utils - INFO - Converting prism:coverDate
2019-09-17 12:56:03,820 - elsapy.elsclient - INFO - Module loaded.
2019-09-17 12:56:04,111 - elsapy.elsentity - INFO - Module loaded.
2019-09-17 12:56:04,111 - elsapy.utils - INFO - Module loaded.
2019-09-17 12:56:04,112 - elsapy.elsprofile - INFO - Module loaded.
2019-09-17 12:56:04,112 - elsapy.elsdoc - INFO - Module loaded.
2019-09-17 12:56:04,113 - elsapy.elssearch - INFO - Module loaded.
2019-09-17 12:56:04,823 - elsapy.elsclient - INFO - Sending GET request to https://api.elsevier.com/content/search/scopus?query=TITLE-ABS-KEY%28lithium+AND+cobalt+AND+oxide%29+PUBYEAR+%3E+2018
2019-09-17 12:56:07,417 - elsapy.elsclient - INFO - Sending GET request to https://api.elsevier.com/content/search/scopus?start=25&count=25&query=TITLE-ABS-KEY%28lithium+AND+cobalt+AND+oxide%29+PUBYEAR+%3E+2018
2019-09-17 12:56:10,029 - elsapy.elsclient - INFO - Sending GET request to https://api.elsevier.com/content/search/scopus?start=50&count=25&query=TITLE-ABS-KEY%28lithium+AND+cobalt+AND+oxide%29+PUBYEAR+%3E+2018
2019-09-17 12:56:12,218 - elsapy.elsclient - INFO - Sending GET request to https://api.elsevier.com/content/search/scopus?start=75&count=25&query=TITLE-ABS-KEY%28lithium+AND+cobalt+AND+oxide%29+PUBYEAR+%3E+2018
2019-09-17 12:56:14,554 - elsapy.elsclient - INFO - Sending GET request to https://api.elsevier.com/content/search/scopus?start=100&count=25&query=TITLE-ABS-KEY%28lithium+AND+cobalt+AND+oxide%29+PUBYEAR+%3E+2018
2019-09-17 12:56:17,024 - elsapy.elsclient - INFO - Sending GET request to https://api.elsevier.com/content/search/scopus?start=125&count=25&query=TITLE-ABS-KEY%28lithium+AND+cobalt+AND+oxide%29+PUBYEAR+%3E+2018
2019-09-17 12:56:20,026 - elsapy.elsclient - INFO - Sending GET request to https://api.elsevier.com/content/search/scopus?start=150&count=25&query=TITLE-ABS-KEY%28lithium+AND+cobalt+AND+oxide%29+PUBYEAR+%3E+2018
2019-09-17 12:56:22,668 - elsapy.elsclient - INFO - Sending GET request to https://api.elsevier.com/content/search/scopus?start=175&count=25&query=TITLE-ABS-KEY%28lithium+AND+cobalt+AND+oxide%29+PUBYEAR+%3E+2018
2019-09-17 12:56:24,966 - elsapy.elsclient - INFO - Sending GET request to https://api.elsevier.com/content/search/scopus?start=200&count=25&query=TITLE-ABS-KEY%28lithium+AND+cobalt+AND+oxide%29+PUBYEAR+%3E+2018
2019-09-17 12:56:27,054 - elsapy.elsclient - INFO - Sending GET request to https://api.elsevier.com/content/search/scopus?start=225&count=25&query=TITLE-ABS-KEY%28lithium+AND+cobalt+AND+oxide%29+PUBYEAR+%3E+2018
2019-09-17 12:56:29,134 - elsapy.elsclient - INFO - Sending GET request to https://api.elsevier.com/content/search/scopus?start=250&count=25&query=TITLE-ABS-KEY%28lithium+AND+cobalt+AND+oxide%29+PUBYEAR+%3E+2018
2019-09-17 12:56:31,125 - elsapy.elsclient - INFO - Sending GET request to https://api.elsevier.com/content/search/scopus?start=275&count=25&query=TITLE-ABS-KEY%28lithium+AND+cobalt+AND+oxide%29+PUBYEAR+%3E+2018
2019-09-17 12:56:33,213 - elsapy.elsclient - INFO - Sending GET request to https://api.elsevier.com/content/search/scopus?start=300&count=25&query=TITLE-ABS-KEY%28lithium+AND+cobalt+AND+oxide%29+PUBYEAR+%3E+2018
2019-09-17 12:56:35,307 - elsapy.elsclient - INFO - Sending GET request to https://api.elsevier.com/content/search/scopus?start=325&count=25&query=TITLE-ABS-KEY%28lithium+AND+cobalt+AND+oxide%29+PUBYEAR+%3E+2018
2019-09-17 12:56:37,914 - elsapy.elsclient - INFO - Sending GET request to https://api.elsevier.com/content/search/scopus?start=350&count=25&query=TITLE-ABS-KEY%28lithium+AND+cobalt+AND+oxide%29+PUBYEAR+%3E+2018
2019-09-17 12:56:39,897 - elsapy.elsclient - INFO - Sending GET request to https://api.elsevier.com/content/search/scopus?start=375&count=25&query=TITLE-ABS-KEY%28lithium+AND+cobalt+AND+oxide%29+PUBYEAR+%3E+2018
2019-09-17 12:56:41,212 - elsapy.utils - INFO - Converting prism:coverDate
2019-09-17 13:31:56,998 - elsapy.elsclient - INFO - Module loaded.
2019-09-17 13:31:57,576 - elsapy.elsentity - INFO - Module loaded.
2019-09-17 13:31:57,577 - elsapy.utils - INFO - Module loaded.
2019-09-17 13:31:57,577 - elsapy.elsprofile - INFO - Module loaded.
2019-09-17 13:31:57,579 - elsapy.elsdoc - INFO - Module loaded.
2019-09-17 13:31:57,580 - elsapy.elssearch - INFO - Module loaded.
2019-09-17 13:31:58,002 - elsapy.elsclient - INFO - Sending GET request to https://api.elsevier.com/content/search/scopus?query=TITLE-ABS-KEY%28Electrochemical%29+PUBYEAR+%3E+2018
2019-09-17 13:32:00,316 - elsapy.elsclient - INFO - Sending GET request to https://api.elsevier.com/content/search/scopus?start=25&count=25&query=TITLE-ABS-KEY%28Electrochemical%29+PUBYEAR+%3E+2018
2019-09-17 13:32:02,615 - elsapy.elsclient - INFO - Sending GET request to https://api.elsevier.com/content/search/scopus?start=50&count=25&query=TITLE-ABS-KEY%28Electrochemical%29+PUBYEAR+%3E+2018
2019-09-17 13:32:04,803 - elsapy.elsclient - INFO - Sending GET request to https://api.elsevier.com/content/search/scopus?start=75&count=25&query=TITLE-ABS-KEY%28Electrochemical%29+PUBYEAR+%3E+2018
2019-09-17 13:32:07,101 - elsapy.elsclient - INFO - Sending GET request to https://api.elsevier.com/content/search/scopus?start=100&count=25&query=TITLE-ABS-KEY%28Electrochemical%29+PUBYEAR+%3E+2018
2019-09-17 13:32:09,191 - elsapy.elsclient - INFO - Sending GET request to https://api.elsevier.com/content/search/scopus?start=125&count=25&query=TITLE-ABS-KEY%28Electrochemical%29+PUBYEAR+%3E+2018
2019-09-17 13:32:11,279 - elsapy.elsclient - INFO - Sending GET request to https://api.elsevier.com/content/search/scopus?start=150&count=25&query=TITLE-ABS-KEY%28Electrochemical%29+PUBYEAR+%3E+2018
2019-09-17 13:32:13,586 - elsapy.elsclient - INFO - Sending GET request to https://api.elsevier.com/content/search/scopus?start=175&count=25&query=TITLE-ABS-KEY%28Electrochemical%29+PUBYEAR+%3E+2018
2019-09-17 13:32:15,774 - elsapy.elsclient - INFO - Sending GET request to https://api.elsevier.com/content/search/scopus?start=200&count=25&query=TITLE-ABS-KEY%28Electrochemical%29+PUBYEAR+%3E+2018
2019-09-17 13:32:18,070 - elsapy.elsclient - INFO - Sending GET request to https://api.elsevier.com/content/search/scopus?start=225&count=25&query=TITLE-ABS-KEY%28Electrochemical%29+PUBYEAR+%3E+2018
2019-09-17 13:32:20,782 - elsapy.elsclient - INFO - Sending GET request to https://api.elsevier.com/content/search/scopus?start=250&count=25&query=TITLE-ABS-KEY%28Electrochemical%29+PUBYEAR+%3E+2018
2019-09-17 13:32:22,978 - elsapy.elsclient - INFO - Sending GET request to https://api.elsevier.com/content/search/scopus?start=275&count=25&query=TITLE-ABS-KEY%28Electrochemical%29+PUBYEAR+%3E+2018
2019-09-17 13:32:25,384 - elsapy.elsclient - INFO - Sending GET request to https://api.elsevier.com/content/search/scopus?start=300&count=25&query=TITLE-ABS-KEY%28Electrochemical%29+PUBYEAR+%3E+2018
2019-09-17 13:32:27,681 - elsapy.elsclient - INFO - Sending GET request to https://api.elsevier.com/content/search/scopus?start=325&count=25&query=TITLE-ABS-KEY%28Electrochemical%29+PUBYEAR+%3E+2018
2019-09-17 13:32:29,980 - elsapy.elsclient - INFO - Sending GET request to https://api.elsevier.com/content/search/scopus?start=350&count=25&query=TITLE-ABS-KEY%28Electrochemical%29+PUBYEAR+%3E+2018
2019-09-17 13:32:32,274 - elsapy.elsclient - INFO - Sending GET request to https://api.elsevier.com/content/search/scopus?start=375&count=25&query=TITLE-ABS-KEY%28Electrochemical%29+PUBYEAR+%3E+2018
2019-09-17 13:32:34,577 - elsapy.elsclient - INFO - Sending GET request to https://api.elsevier.com/content/search/scopus?start=400&count=25&query=TITLE-ABS-KEY%28Electrochemical%29+PUBYEAR+%3E+2018
2019-09-17 13:32:36,872 - elsapy.elsclient - INFO - Sending GET request to https://api.elsevier.com/content/search/scopus?start=425&count=25&query=TITLE-ABS-KEY%28Electrochemical%29+PUBYEAR+%3E+2018
2019-09-17 13:32:39,269 - elsapy.elsclient - INFO - Sending GET request to https://api.elsevier.com/content/search/scopus?start=450&count=25&query=TITLE-ABS-KEY%28Electrochemical%29+PUBYEAR+%3E+2018
2019-09-17 13:32:41,677 - elsapy.elsclient - INFO - Sending GET request to https://api.elsevier.com/content/search/scopus?start=475&count=25&query=TITLE-ABS-KEY%28Electrochemical%29+PUBYEAR+%3E+2018
2019-09-17 13:32:44,080 - elsapy.elsclient - INFO - Sending GET request to https://api.elsevier.com/content/search/scopus?start=500&count=25&query=TITLE-ABS-KEY%28Electrochemical%29+PUBYEAR+%3E+2018
2019-09-17 13:32:46,466 - elsapy.elsclient - INFO - Sending GET request to https://api.elsevier.com/content/search/scopus?start=525&count=25&query=TITLE-ABS-KEY%28Electrochemical%29+PUBYEAR+%3E+2018
2019-09-17 13:32:48,887 - elsapy.elsclient - INFO - Sending GET request to https://api.elsevier.com/content/search/scopus?start=550&count=25&query=TITLE-ABS-KEY%28Electrochemical%29+PUBYEAR+%3E+2018
2019-09-17 13:32:51,390 - elsapy.elsclient - INFO - Sending GET request to https://api.elsevier.com/content/search/scopus?start=575&count=25&query=TITLE-ABS-KEY%28Electrochemical%29+PUBYEAR+%3E+2018
2019-09-17 13:32:54,290 - elsapy.elsclient - INFO - Sending GET request to https://api.elsevier.com/content/search/scopus?start=600&count=25&query=TITLE-ABS-KEY%28Electrochemical%29+PUBYEAR+%3E+2018
2019-09-17 13:32:57,032 - elsapy.elsclient - INFO - Sending GET request to https://api.elsevier.com/content/search/scopus?start=625&count=25&query=TITLE-ABS-KEY%28Electrochemical%29+PUBYEAR+%3E+2018
2019-09-17 13:32:59,370 - elsapy.elsclient - INFO - Sending GET request to https://api.elsevier.com/content/search/scopus?start=650&count=25&query=TITLE-ABS-KEY%28Electrochemical%29+PUBYEAR+%3E+2018
2019-09-17 13:33:01,942 - elsapy.elsclient - INFO - Sending GET request to https://api.elsevier.com/content/search/scopus?start=675&count=25&query=TITLE-ABS-KEY%28Electrochemical%29+PUBYEAR+%3E+2018
2019-09-17 13:33:04,444 - elsapy.elsclient - INFO - Sending GET request to https://api.elsevier.com/content/search/scopus?start=700&count=25&query=TITLE-ABS-KEY%28Electrochemical%29+PUBYEAR+%3E+2018
2019-09-17 13:33:07,059 - elsapy.elsclient - INFO - Sending GET request to https://api.elsevier.com/content/search/scopus?start=725&count=25&query=TITLE-ABS-KEY%28Electrochemical%29+PUBYEAR+%3E+2018
2019-09-17 13:33:09,608 - elsapy.elsclient - INFO - Sending GET request to https://api.elsevier.com/content/search/scopus?start=750&count=25&query=TITLE-ABS-KEY%28Electrochemical%29+PUBYEAR+%3E+2018
2019-09-17 13:33:12,177 - elsapy.elsclient - INFO - Sending GET request to https://api.elsevier.com/content/search/scopus?start=775&count=25&query=TITLE-ABS-KEY%28Electrochemical%29+PUBYEAR+%3E+2018
2019-09-17 13:33:14,998 - elsapy.elsclient - INFO - Sending GET request to https://api.elsevier.com/content/search/scopus?start=800&count=25&query=TITLE-ABS-KEY%28Electrochemical%29+PUBYEAR+%3E+2018
2019-09-17 13:33:17,604 - elsapy.elsclient - INFO - Sending GET request to https://api.elsevier.com/content/search/scopus?start=825&count=25&query=TITLE-ABS-KEY%28Electrochemical%29+PUBYEAR+%3E+2018
2019-09-17 13:33:20,323 - elsapy.elsclient - INFO - Sending GET request to https://api.elsevier.com/content/search/scopus?start=850&count=25&query=TITLE-ABS-KEY%28Electrochemical%29+PUBYEAR+%3E+2018
2019-09-17 13:33:22,939 - elsapy.elsclient - INFO - Sending GET request to https://api.elsevier.com/content/search/scopus?start=875&count=25&query=TITLE-ABS-KEY%28Electrochemical%29+PUBYEAR+%3E+2018
2019-09-17 13:33:25,483 - elsapy.elsclient - INFO - Sending GET request to https://api.elsevier.com/content/search/scopus?start=900&count=25&query=TITLE-ABS-KEY%28Electrochemical%29+PUBYEAR+%3E+2018
2019-09-17 13:33:28,100 - elsapy.elsclient - INFO - Sending GET request to https://api.elsevier.com/content/search/scopus?start=925&count=25&query=TITLE-ABS-KEY%28Electrochemical%29+PUBYEAR+%3E+2018
2019-09-17 13:33:30,763 - elsapy.elsclient - INFO - Sending GET request to https://api.elsevier.com/content/search/scopus?start=950&count=25&query=TITLE-ABS-KEY%28Electrochemical%29+PUBYEAR+%3E+2018
2019-09-17 13:33:33,588 - elsapy.elsclient - INFO - Sending GET request to https://api.elsevier.com/content/search/scopus?start=975&count=25&query=TITLE-ABS-KEY%28Electrochemical%29+PUBYEAR+%3E+2018
2019-09-17 13:33:36,302 - elsapy.elsclient - INFO - Sending GET request to https://api.elsevier.com/content/search/scopus?start=1000&count=25&query=TITLE-ABS-KEY%28Electrochemical%29+PUBYEAR+%3E+2018
2019-09-17 13:33:39,120 - elsapy.elsclient - INFO - Sending GET request to https://api.elsevier.com/content/search/scopus?start=1025&count=25&query=TITLE-ABS-KEY%28Electrochemical%29+PUBYEAR+%3E+2018
2019-09-17 13:33:41,940 - elsapy.elsclient - INFO - Sending GET request to https://api.elsevier.com/content/search/scopus?start=1050&count=25&query=TITLE-ABS-KEY%28Electrochemical%29+PUBYEAR+%3E+2018
2019-09-17 13:33:44,968 - elsapy.elsclient - INFO - Sending GET request to https://api.elsevier.com/content/search/scopus?start=1075&count=25&query=TITLE-ABS-KEY%28Electrochemical%29+PUBYEAR+%3E+2018
2019-09-17 13:33:47,691 - elsapy.elsclient - INFO - Sending GET request to https://api.elsevier.com/content/search/scopus?start=1100&count=25&query=TITLE-ABS-KEY%28Electrochemical%29+PUBYEAR+%3E+2018
2019-09-17 13:33:50,716 - elsapy.elsclient - INFO - Sending GET request to https://api.elsevier.com/content/search/scopus?start=1125&count=25&query=TITLE-ABS-KEY%28Electrochemical%29+PUBYEAR+%3E+2018
2019-09-17 13:33:53,325 - elsapy.elsclient - INFO - Sending GET request to https://api.elsevier.com/content/search/scopus?start=1150&count=25&query=TITLE-ABS-KEY%28Electrochemical%29+PUBYEAR+%3E+2018
2019-09-17 13:33:56,045 - elsapy.elsclient - INFO - Sending GET request to https://api.elsevier.com/content/search/scopus?start=1175&count=25&query=TITLE-ABS-KEY%28Electrochemical%29+PUBYEAR+%3E+2018
2019-09-17 13:33:58,866 - elsapy.elsclient - INFO - Sending GET request to https://api.elsevier.com/content/search/scopus?start=1200&count=25&query=TITLE-ABS-KEY%28Electrochemical%29+PUBYEAR+%3E+2018
2019-09-17 13:34:01,808 - elsapy.elsclient - INFO - Sending GET request to https://api.elsevier.com/content/search/scopus?start=1225&count=25&query=TITLE-ABS-KEY%28Electrochemical%29+PUBYEAR+%3E+2018
2019-09-17 13:34:05,028 - elsapy.elsclient - INFO - Sending GET request to https://api.elsevier.com/content/search/scopus?start=1250&count=25&query=TITLE-ABS-KEY%28Electrochemical%29+PUBYEAR+%3E+2018
2019-09-17 13:34:07,749 - elsapy.elsclient - INFO - Sending GET request to https://api.elsevier.com/content/search/scopus?start=1275&count=25&query=TITLE-ABS-KEY%28Electrochemical%29+PUBYEAR+%3E+2018
2019-09-17 13:34:10,663 - elsapy.elsclient - INFO - Sending GET request to https://api.elsevier.com/content/search/scopus?start=1300&count=25&query=TITLE-ABS-KEY%28Electrochemical%29+PUBYEAR+%3E+2018
2019-09-17 13:34:14,250 - elsapy.elsclient - INFO - Sending GET request to https://api.elsevier.com/content/search/scopus?start=1325&count=25&query=TITLE-ABS-KEY%28Electrochemical%29+PUBYEAR+%3E+2018
2019-09-17 13:34:16,828 - elsapy.elsclient - INFO - Sending GET request to https://api.elsevier.com/content/search/scopus?start=1350&count=25&query=TITLE-ABS-KEY%28Electrochemical%29+PUBYEAR+%3E+2018
2019-09-17 13:34:19,541 - elsapy.elsclient - INFO - Sending GET request to https://api.elsevier.com/content/search/scopus?start=1375&count=25&query=TITLE-ABS-KEY%28Electrochemical%29+PUBYEAR+%3E+2018
2019-09-17 13:34:22,260 - elsapy.elsclient - INFO - Sending GET request to https://api.elsevier.com/content/search/scopus?start=1400&count=25&query=TITLE-ABS-KEY%28Electrochemical%29+PUBYEAR+%3E+2018
2019-09-17 13:34:25,186 - elsapy.elsclient - INFO - Sending GET request to https://api.elsevier.com/content/search/scopus?start=1425&count=25&query=TITLE-ABS-KEY%28Electrochemical%29+PUBYEAR+%3E+2018
2019-09-17 13:34:28,013 - elsapy.elsclient - INFO - Sending GET request to https://api.elsevier.com/content/search/scopus?start=1450&count=25&query=TITLE-ABS-KEY%28Electrochemical%29+PUBYEAR+%3E+2018
2019-09-17 13:34:30,614 - elsapy.elsclient - INFO - Sending GET request to https://api.elsevier.com/content/search/scopus?start=1475&count=25&query=TITLE-ABS-KEY%28Electrochemical%29+PUBYEAR+%3E+2018
2019-09-17 13:34:33,645 - elsapy.elsclient - INFO - Sending GET request to https://api.elsevier.com/content/search/scopus?start=1500&count=25&query=TITLE-ABS-KEY%28Electrochemical%29+PUBYEAR+%3E+2018
2019-09-17 13:34:36,361 - elsapy.elsclient - INFO - Sending GET request to https://api.elsevier.com/content/search/scopus?start=1525&count=25&query=TITLE-ABS-KEY%28Electrochemical%29+PUBYEAR+%3E+2018
2019-09-17 13:34:39,189 - elsapy.elsclient - INFO - Sending GET request to https://api.elsevier.com/content/search/scopus?start=1550&count=25&query=TITLE-ABS-KEY%28Electrochemical%29+PUBYEAR+%3E+2018
2019-09-17 13:34:41,997 - elsapy.elsclient - INFO - Sending GET request to https://api.elsevier.com/content/search/scopus?start=1575&count=25&query=TITLE-ABS-KEY%28Electrochemical%29+PUBYEAR+%3E+2018
2019-09-17 13:34:44,506 - elsapy.elsclient - INFO - Sending GET request to https://api.elsevier.com/content/search/scopus?start=1600&count=25&query=TITLE-ABS-KEY%28Electrochemical%29+PUBYEAR+%3E+2018
2019-09-17 13:34:47,714 - elsapy.elsclient - INFO - Sending GET request to https://api.elsevier.com/content/search/scopus?start=1625&count=25&query=TITLE-ABS-KEY%28Electrochemical%29+PUBYEAR+%3E+2018
2019-09-17 13:34:50,357 - elsapy.elsclient - INFO - Sending GET request to https://api.elsevier.com/content/search/scopus?start=1650&count=25&query=TITLE-ABS-KEY%28Electrochemical%29+PUBYEAR+%3E+2018
2019-09-17 13:34:52,969 - elsapy.elsclient - INFO - Sending GET request to https://api.elsevier.com/content/search/scopus?start=1675&count=25&query=TITLE-ABS-KEY%28Electrochemical%29+PUBYEAR+%3E+2018
2019-09-17 13:34:55,789 - elsapy.elsclient - INFO - Sending GET request to https://api.elsevier.com/content/search/scopus?start=1700&count=25&query=TITLE-ABS-KEY%28Electrochemical%29+PUBYEAR+%3E+2018
2019-09-17 13:34:58,501 - elsapy.elsclient - INFO - Sending GET request to https://api.elsevier.com/content/search/scopus?start=1725&count=25&query=TITLE-ABS-KEY%28Electrochemical%29+PUBYEAR+%3E+2018
2019-09-17 13:35:01,114 - elsapy.elsclient - INFO - Sending GET request to https://api.elsevier.com/content/search/scopus?start=1750&count=25&query=TITLE-ABS-KEY%28Electrochemical%29+PUBYEAR+%3E+2018
2019-09-17 13:35:04,249 - elsapy.elsclient - INFO - Sending GET request to https://api.elsevier.com/content/search/scopus?start=1775&count=25&query=TITLE-ABS-KEY%28Electrochemical%29+PUBYEAR+%3E+2018
2019-09-17 13:35:07,175 - elsapy.elsclient - INFO - Sending GET request to https://api.elsevier.com/content/search/scopus?start=1800&count=25&query=TITLE-ABS-KEY%28Electrochemical%29+PUBYEAR+%3E+2018
2019-09-17 13:35:09,995 - elsapy.elsclient - INFO - Sending GET request to https://api.elsevier.com/content/search/scopus?start=1825&count=25&query=TITLE-ABS-KEY%28Electrochemical%29+PUBYEAR+%3E+2018
2019-09-17 13:35:12,708 - elsapy.elsclient - INFO - Sending GET request to https://api.elsevier.com/content/search/scopus?start=1850&count=25&query=TITLE-ABS-KEY%28Electrochemical%29+PUBYEAR+%3E+2018
2019-09-17 13:35:15,530 - elsapy.elsclient - INFO - Sending GET request to https://api.elsevier.com/content/search/scopus?start=1875&count=25&query=TITLE-ABS-KEY%28Electrochemical%29+PUBYEAR+%3E+2018
2019-09-17 13:35:18,036 - elsapy.elsclient - INFO - Sending GET request to https://api.elsevier.com/content/search/scopus?start=1900&count=25&query=TITLE-ABS-KEY%28Electrochemical%29+PUBYEAR+%3E+2018
2019-09-17 13:35:20,619 - elsapy.elsclient - INFO - Sending GET request to https://api.elsevier.com/content/search/scopus?start=1925&count=25&query=TITLE-ABS-KEY%28Electrochemical%29+PUBYEAR+%3E+2018
2019-09-17 13:35:23,253 - elsapy.elsclient - INFO - Sending GET request to https://api.elsevier.com/content/search/scopus?start=1950&count=25&query=TITLE-ABS-KEY%28Electrochemical%29+PUBYEAR+%3E+2018
2019-09-17 13:35:25,871 - elsapy.elsclient - INFO - Sending GET request to https://api.elsevier.com/content/search/scopus?start=1975&count=25&query=TITLE-ABS-KEY%28Electrochemical%29+PUBYEAR+%3E+2018
2019-09-17 13:35:28,374 - elsapy.elsclient - INFO - Sending GET request to https://api.elsevier.com/content/search/scopus?start=2000&count=25&query=TITLE-ABS-KEY%28Electrochemical%29+PUBYEAR+%3E+2018
2019-09-17 13:35:31,296 - elsapy.elsclient - INFO - Sending GET request to https://api.elsevier.com/content/search/scopus?start=2025&count=25&query=TITLE-ABS-KEY%28Electrochemical%29+PUBYEAR+%3E+2018
2019-09-17 13:35:33,915 - elsapy.elsclient - INFO - Sending GET request to https://api.elsevier.com/content/search/scopus?start=2050&count=25&query=TITLE-ABS-KEY%28Electrochemical%29+PUBYEAR+%3E+2018
2019-09-17 13:35:36,839 - elsapy.elsclient - INFO - Sending GET request to https://api.elsevier.com/content/search/scopus?start=2075&count=25&query=TITLE-ABS-KEY%28Electrochemical%29+PUBYEAR+%3E+2018
2019-09-17 13:35:39,550 - elsapy.elsclient - INFO - Sending GET request to https://api.elsevier.com/content/search/scopus?start=2100&count=25&query=TITLE-ABS-KEY%28Electrochemical%29+PUBYEAR+%3E+2018
2019-09-17 13:35:42,268 - elsapy.elsclient - INFO - Sending GET request to https://api.elsevier.com/content/search/scopus?start=2125&count=25&query=TITLE-ABS-KEY%28Electrochemical%29+PUBYEAR+%3E+2018
2019-09-17 13:35:44,693 - elsapy.elsclient - INFO - Sending GET request to https://api.elsevier.com/content/search/scopus?start=2150&count=25&query=TITLE-ABS-KEY%28Electrochemical%29+PUBYEAR+%3E+2018
2019-09-17 13:35:47,281 - elsapy.elsclient - INFO - Sending GET request to https://api.elsevier.com/content/search/scopus?start=2175&count=25&query=TITLE-ABS-KEY%28Electrochemical%29+PUBYEAR+%3E+2018
2019-09-17 13:35:49,894 - elsapy.elsclient - INFO - Sending GET request to https://api.elsevier.com/content/search/scopus?start=2200&count=25&query=TITLE-ABS-KEY%28Electrochemical%29+PUBYEAR+%3E+2018
2019-09-17 13:35:52,819 - elsapy.elsclient - INFO - Sending GET request to https://api.elsevier.com/content/search/scopus?start=2225&count=25&query=TITLE-ABS-KEY%28Electrochemical%29+PUBYEAR+%3E+2018
2019-09-17 13:35:55,322 - elsapy.elsclient - INFO - Sending GET request to https://api.elsevier.com/content/search/scopus?start=2250&count=25&query=TITLE-ABS-KEY%28Electrochemical%29+PUBYEAR+%3E+2018
2019-09-17 13:35:58,039 - elsapy.elsclient - INFO - Sending GET request to https://api.elsevier.com/content/search/scopus?start=2275&count=25&query=TITLE-ABS-KEY%28Electrochemical%29+PUBYEAR+%3E+2018
2019-09-17 13:36:00,755 - elsapy.elsclient - INFO - Sending GET request to https://api.elsevier.com/content/search/scopus?start=2300&count=25&query=TITLE-ABS-KEY%28Electrochemical%29+PUBYEAR+%3E+2018
2019-09-17 13:36:03,995 - elsapy.elsclient - INFO - Sending GET request to https://api.elsevier.com/content/search/scopus?start=2325&count=25&query=TITLE-ABS-KEY%28Electrochemical%29+PUBYEAR+%3E+2018
2019-09-17 13:36:06,705 - elsapy.elsclient - INFO - Sending GET request to https://api.elsevier.com/content/search/scopus?start=2350&count=25&query=TITLE-ABS-KEY%28Electrochemical%29+PUBYEAR+%3E+2018
2019-09-17 13:36:09,422 - elsapy.elsclient - INFO - Sending GET request to https://api.elsevier.com/content/search/scopus?start=2375&count=25&query=TITLE-ABS-KEY%28Electrochemical%29+PUBYEAR+%3E+2018
2019-09-17 13:36:12,244 - elsapy.elsclient - INFO - Sending GET request to https://api.elsevier.com/content/search/scopus?start=2400&count=25&query=TITLE-ABS-KEY%28Electrochemical%29+PUBYEAR+%3E+2018
2019-09-17 13:36:15,047 - elsapy.elsclient - INFO - Sending GET request to https://api.elsevier.com/content/search/scopus?start=2425&count=25&query=TITLE-ABS-KEY%28Electrochemical%29+PUBYEAR+%3E+2018
2019-09-17 13:36:18,158 - elsapy.elsclient - INFO - Sending GET request to https://api.elsevier.com/content/search/scopus?start=2450&count=25&query=TITLE-ABS-KEY%28Electrochemical%29+PUBYEAR+%3E+2018
2019-09-17 13:36:20,807 - elsapy.elsclient - INFO - Sending GET request to https://api.elsevier.com/content/search/scopus?start=2475&count=25&query=TITLE-ABS-KEY%28Electrochemical%29+PUBYEAR+%3E+2018
2019-09-17 13:36:23,242 - elsapy.elsclient - INFO - Sending GET request to https://api.elsevier.com/content/search/scopus?start=2500&count=25&query=TITLE-ABS-KEY%28Electrochemical%29+PUBYEAR+%3E+2018
2019-09-17 13:36:26,448 - elsapy.elsclient - INFO - Sending GET request to https://api.elsevier.com/content/search/scopus?start=2525&count=25&query=TITLE-ABS-KEY%28Electrochemical%29+PUBYEAR+%3E+2018
2019-09-17 13:36:29,141 - elsapy.elsclient - INFO - Sending GET request to https://api.elsevier.com/content/search/scopus?start=2550&count=25&query=TITLE-ABS-KEY%28Electrochemical%29+PUBYEAR+%3E+2018
2019-09-17 13:36:33,319 - elsapy.elsclient - INFO - Sending GET request to https://api.elsevier.com/content/search/scopus?start=2575&count=25&query=TITLE-ABS-KEY%28Electrochemical%29+PUBYEAR+%3E+2018
2019-09-17 13:36:35,847 - elsapy.elsclient - INFO - Sending GET request to https://api.elsevier.com/content/search/scopus?start=2600&count=25&query=TITLE-ABS-KEY%28Electrochemical%29+PUBYEAR+%3E+2018
2019-09-17 13:36:38,567 - elsapy.elsclient - INFO - Sending GET request to https://api.elsevier.com/content/search/scopus?start=2625&count=25&query=TITLE-ABS-KEY%28Electrochemical%29+PUBYEAR+%3E+2018
2019-09-17 13:36:41,173 - elsapy.elsclient - INFO - Sending GET request to https://api.elsevier.com/content/search/scopus?start=2650&count=25&query=TITLE-ABS-KEY%28Electrochemical%29+PUBYEAR+%3E+2018
2019-09-17 13:36:43,995 - elsapy.elsclient - INFO - Sending GET request to https://api.elsevier.com/content/search/scopus?start=2675&count=25&query=TITLE-ABS-KEY%28Electrochemical%29+PUBYEAR+%3E+2018
2019-09-17 13:36:46,607 - elsapy.elsclient - INFO - Sending GET request to https://api.elsevier.com/content/search/scopus?start=2700&count=25&query=TITLE-ABS-KEY%28Electrochemical%29+PUBYEAR+%3E+2018
2019-09-17 13:36:49,427 - elsapy.elsclient - INFO - Sending GET request to https://api.elsevier.com/content/search/scopus?start=2725&count=25&query=TITLE-ABS-KEY%28Electrochemical%29+PUBYEAR+%3E+2018
2019-09-17 13:36:52,191 - elsapy.elsclient - INFO - Sending GET request to https://api.elsevier.com/content/search/scopus?start=2750&count=25&query=TITLE-ABS-KEY%28Electrochemical%29+PUBYEAR+%3E+2018
2019-09-17 13:36:54,861 - elsapy.elsclient - INFO - Sending GET request to https://api.elsevier.com/content/search/scopus?start=2775&count=25&query=TITLE-ABS-KEY%28Electrochemical%29+PUBYEAR+%3E+2018
2019-09-17 13:36:57,677 - elsapy.elsclient - INFO - Sending GET request to https://api.elsevier.com/content/search/scopus?start=2800&count=25&query=TITLE-ABS-KEY%28Electrochemical%29+PUBYEAR+%3E+2018
2019-09-17 13:37:00,371 - elsapy.elsclient - INFO - Sending GET request to https://api.elsevier.com/content/search/scopus?start=2825&count=25&query=TITLE-ABS-KEY%28Electrochemical%29+PUBYEAR+%3E+2018
2019-09-17 13:37:03,746 - elsapy.elsclient - INFO - Sending GET request to https://api.elsevier.com/content/search/scopus?start=2850&count=25&query=TITLE-ABS-KEY%28Electrochemical%29+PUBYEAR+%3E+2018
2019-09-17 13:37:06,874 - elsapy.elsclient - INFO - Sending GET request to https://api.elsevier.com/content/search/scopus?start=2875&count=25&query=TITLE-ABS-KEY%28Electrochemical%29+PUBYEAR+%3E+2018
2019-09-17 13:37:09,484 - elsapy.elsclient - INFO - Sending GET request to https://api.elsevier.com/content/search/scopus?start=2900&count=25&query=TITLE-ABS-KEY%28Electrochemical%29+PUBYEAR+%3E+2018
2019-09-17 13:37:12,101 - elsapy.elsclient - INFO - Sending GET request to https://api.elsevier.com/content/search/scopus?start=2925&count=25&query=TITLE-ABS-KEY%28Electrochemical%29+PUBYEAR+%3E+2018
2019-09-17 13:37:15,024 - elsapy.elsclient - INFO - Sending GET request to https://api.elsevier.com/content/search/scopus?start=2950&count=25&query=TITLE-ABS-KEY%28Electrochemical%29+PUBYEAR+%3E+2018
2019-09-17 13:37:17,736 - elsapy.elsclient - INFO - Sending GET request to https://api.elsevier.com/content/search/scopus?start=2975&count=25&query=TITLE-ABS-KEY%28Electrochemical%29+PUBYEAR+%3E+2018
2019-09-17 13:37:20,664 - elsapy.elsclient - INFO - Sending GET request to https://api.elsevier.com/content/search/scopus?start=3000&count=25&query=TITLE-ABS-KEY%28Electrochemical%29+PUBYEAR+%3E+2018
2019-09-17 13:37:23,581 - elsapy.elsclient - INFO - Sending GET request to https://api.elsevier.com/content/search/scopus?start=3025&count=25&query=TITLE-ABS-KEY%28Electrochemical%29+PUBYEAR+%3E+2018
2019-09-17 13:37:26,091 - elsapy.elsclient - INFO - Sending GET request to https://api.elsevier.com/content/search/scopus?start=3050&count=25&query=TITLE-ABS-KEY%28Electrochemical%29+PUBYEAR+%3E+2018
2019-09-17 13:37:28,707 - elsapy.elsclient - INFO - Sending GET request to https://api.elsevier.com/content/search/scopus?start=3075&count=25&query=TITLE-ABS-KEY%28Electrochemical%29+PUBYEAR+%3E+2018
2019-09-17 13:37:31,284 - elsapy.elsclient - INFO - Sending GET request to https://api.elsevier.com/content/search/scopus?start=3100&count=25&query=TITLE-ABS-KEY%28Electrochemical%29+PUBYEAR+%3E+2018
2019-09-17 13:37:33,931 - elsapy.elsclient - INFO - Sending GET request to https://api.elsevier.com/content/search/scopus?start=3125&count=25&query=TITLE-ABS-KEY%28Electrochemical%29+PUBYEAR+%3E+2018
2019-09-17 13:37:36,637 - elsapy.elsclient - INFO - Sending GET request to https://api.elsevier.com/content/search/scopus?start=3150&count=25&query=TITLE-ABS-KEY%28Electrochemical%29+PUBYEAR+%3E+2018
2019-09-17 13:37:39,354 - elsapy.elsclient - INFO - Sending GET request to https://api.elsevier.com/content/search/scopus?start=3175&count=25&query=TITLE-ABS-KEY%28Electrochemical%29+PUBYEAR+%3E+2018
2019-09-17 13:37:42,280 - elsapy.elsclient - INFO - Sending GET request to https://api.elsevier.com/content/search/scopus?start=3200&count=25&query=TITLE-ABS-KEY%28Electrochemical%29+PUBYEAR+%3E+2018
2019-09-17 13:37:45,423 - elsapy.elsclient - INFO - Sending GET request to https://api.elsevier.com/content/search/scopus?start=3225&count=25&query=TITLE-ABS-KEY%28Electrochemical%29+PUBYEAR+%3E+2018
2019-09-17 13:37:48,124 - elsapy.elsclient - INFO - Sending GET request to https://api.elsevier.com/content/search/scopus?start=3250&count=25&query=TITLE-ABS-KEY%28Electrochemical%29+PUBYEAR+%3E+2018
2019-09-17 13:37:50,744 - elsapy.elsclient - INFO - Sending GET request to https://api.elsevier.com/content/search/scopus?start=3275&count=25&query=TITLE-ABS-KEY%28Electrochemical%29+PUBYEAR+%3E+2018
2019-09-17 13:37:53,187 - elsapy.elsclient - INFO - Sending GET request to https://api.elsevier.com/content/search/scopus?start=3300&count=25&query=TITLE-ABS-KEY%28Electrochemical%29+PUBYEAR+%3E+2018
2019-09-17 13:37:56,171 - elsapy.elsclient - INFO - Sending GET request to https://api.elsevier.com/content/search/scopus?start=3325&count=25&query=TITLE-ABS-KEY%28Electrochemical%29+PUBYEAR+%3E+2018
2019-09-17 13:37:59,201 - elsapy.elsclient - INFO - Sending GET request to https://api.elsevier.com/content/search/scopus?start=3350&count=25&query=TITLE-ABS-KEY%28Electrochemical%29+PUBYEAR+%3E+2018
2019-09-17 13:38:01,697 - elsapy.elsclient - INFO - Sending GET request to https://api.elsevier.com/content/search/scopus?start=3375&count=25&query=TITLE-ABS-KEY%28Electrochemical%29+PUBYEAR+%3E+2018
2019-09-17 13:38:04,762 - elsapy.elsclient - INFO - Sending GET request to https://api.elsevier.com/content/search/scopus?start=3400&count=25&query=TITLE-ABS-KEY%28Electrochemical%29+PUBYEAR+%3E+2018
2019-09-17 13:38:07,509 - elsapy.elsclient - INFO - Sending GET request to https://api.elsevier.com/content/search/scopus?start=3425&count=25&query=TITLE-ABS-KEY%28Electrochemical%29+PUBYEAR+%3E+2018
2019-09-17 13:38:10,172 - elsapy.elsclient - INFO - Sending GET request to https://api.elsevier.com/content/search/scopus?start=3450&count=25&query=TITLE-ABS-KEY%28Electrochemical%29+PUBYEAR+%3E+2018
2019-09-17 13:38:12,750 - elsapy.elsclient - INFO - Sending GET request to https://api.elsevier.com/content/search/scopus?start=3475&count=25&query=TITLE-ABS-KEY%28Electrochemical%29+PUBYEAR+%3E+2018
2019-09-17 13:38:15,292 - elsapy.elsclient - INFO - Sending GET request to https://api.elsevier.com/content/search/scopus?start=3500&count=25&query=TITLE-ABS-KEY%28Electrochemical%29+PUBYEAR+%3E+2018
2019-09-17 13:38:17,900 - elsapy.elsclient - INFO - Sending GET request to https://api.elsevier.com/content/search/scopus?start=3525&count=25&query=TITLE-ABS-KEY%28Electrochemical%29+PUBYEAR+%3E+2018
2019-09-17 13:38:20,817 - elsapy.elsclient - INFO - Sending GET request to https://api.elsevier.com/content/search/scopus?start=3550&count=25&query=TITLE-ABS-KEY%28Electrochemical%29+PUBYEAR+%3E+2018
2019-09-17 13:38:23,857 - elsapy.elsclient - INFO - Sending GET request to https://api.elsevier.com/content/search/scopus?start=3575&count=25&query=TITLE-ABS-KEY%28Electrochemical%29+PUBYEAR+%3E+2018
2019-09-17 13:38:27,088 - elsapy.elsclient - INFO - Sending GET request to https://api.elsevier.com/content/search/scopus?start=3600&count=25&query=TITLE-ABS-KEY%28Electrochemical%29+PUBYEAR+%3E+2018
2019-09-17 13:38:30,165 - elsapy.elsclient - INFO - Sending GET request to https://api.elsevier.com/content/search/scopus?start=3625&count=25&query=TITLE-ABS-KEY%28Electrochemical%29+PUBYEAR+%3E+2018
2019-09-17 13:38:32,945 - elsapy.elsclient - INFO - Sending GET request to https://api.elsevier.com/content/search/scopus?start=3650&count=25&query=TITLE-ABS-KEY%28Electrochemical%29+PUBYEAR+%3E+2018
2019-09-17 13:38:35,757 - elsapy.elsclient - INFO - Sending GET request to https://api.elsevier.com/content/search/scopus?start=3675&count=25&query=TITLE-ABS-KEY%28Electrochemical%29+PUBYEAR+%3E+2018
2019-09-17 13:38:38,372 - elsapy.elsclient - INFO - Sending GET request to https://api.elsevier.com/content/search/scopus?start=3700&count=25&query=TITLE-ABS-KEY%28Electrochemical%29+PUBYEAR+%3E+2018
2019-09-17 13:38:41,189 - elsapy.elsclient - INFO - Sending GET request to https://api.elsevier.com/content/search/scopus?start=3725&count=25&query=TITLE-ABS-KEY%28Electrochemical%29+PUBYEAR+%3E+2018
2019-09-17 13:38:43,905 - elsapy.elsclient - INFO - Sending GET request to https://api.elsevier.com/content/search/scopus?start=3750&count=25&query=TITLE-ABS-KEY%28Electrochemical%29+PUBYEAR+%3E+2018
2019-09-17 13:38:49,131 - elsapy.elsclient - INFO - Sending GET request to https://api.elsevier.com/content/search/scopus?start=3775&count=25&query=TITLE-ABS-KEY%28Electrochemical%29+PUBYEAR+%3E+2018
2019-09-17 13:38:52,469 - elsapy.elsclient - INFO - Sending GET request to https://api.elsevier.com/content/search/scopus?start=3800&count=25&query=TITLE-ABS-KEY%28Electrochemical%29+PUBYEAR+%3E+2018
2019-09-17 13:38:55,295 - elsapy.elsclient - INFO - Sending GET request to https://api.elsevier.com/content/search/scopus?start=3825&count=25&query=TITLE-ABS-KEY%28Electrochemical%29+PUBYEAR+%3E+2018
2019-09-17 13:38:58,302 - elsapy.elsclient - INFO - Sending GET request to https://api.elsevier.com/content/search/scopus?start=3850&count=25&query=TITLE-ABS-KEY%28Electrochemical%29+PUBYEAR+%3E+2018
2019-09-17 13:39:01,345 - elsapy.elsclient - INFO - Sending GET request to https://api.elsevier.com/content/search/scopus?start=3875&count=25&query=TITLE-ABS-KEY%28Electrochemical%29+PUBYEAR+%3E+2018
2019-09-17 13:39:04,294 - elsapy.elsclient - INFO - Sending GET request to https://api.elsevier.com/content/search/scopus?start=3900&count=25&query=TITLE-ABS-KEY%28Electrochemical%29+PUBYEAR+%3E+2018
2019-09-17 13:39:06,969 - elsapy.elsclient - INFO - Sending GET request to https://api.elsevier.com/content/search/scopus?start=3925&count=25&query=TITLE-ABS-KEY%28Electrochemical%29+PUBYEAR+%3E+2018
2019-09-17 13:39:09,524 - elsapy.elsclient - INFO - Sending GET request to https://api.elsevier.com/content/search/scopus?start=3950&count=25&query=TITLE-ABS-KEY%28Electrochemical%29+PUBYEAR+%3E+2018
2019-09-17 13:39:12,425 - elsapy.elsclient - INFO - Sending GET request to https://api.elsevier.com/content/search/scopus?start=3975&count=25&query=TITLE-ABS-KEY%28Electrochemical%29+PUBYEAR+%3E+2018
2019-09-17 13:39:15,137 - elsapy.elsclient - INFO - Sending GET request to https://api.elsevier.com/content/search/scopus?start=4000&count=25&query=TITLE-ABS-KEY%28Electrochemical%29+PUBYEAR+%3E+2018
2019-09-17 13:39:18,163 - elsapy.elsclient - INFO - Sending GET request to https://api.elsevier.com/content/search/scopus?start=4025&count=25&query=TITLE-ABS-KEY%28Electrochemical%29+PUBYEAR+%3E+2018
2019-09-17 13:39:20,988 - elsapy.elsclient - INFO - Sending GET request to https://api.elsevier.com/content/search/scopus?start=4050&count=25&query=TITLE-ABS-KEY%28Electrochemical%29+PUBYEAR+%3E+2018
2019-09-17 13:39:23,804 - elsapy.elsclient - INFO - Sending GET request to https://api.elsevier.com/content/search/scopus?start=4075&count=25&query=TITLE-ABS-KEY%28Electrochemical%29+PUBYEAR+%3E+2018
2019-09-17 13:39:26,625 - elsapy.elsclient - INFO - Sending GET request to https://api.elsevier.com/content/search/scopus?start=4100&count=25&query=TITLE-ABS-KEY%28Electrochemical%29+PUBYEAR+%3E+2018
2019-09-17 13:39:29,552 - elsapy.elsclient - INFO - Sending GET request to https://api.elsevier.com/content/search/scopus?start=4125&count=25&query=TITLE-ABS-KEY%28Electrochemical%29+PUBYEAR+%3E+2018
2019-09-17 13:39:32,165 - elsapy.elsclient - INFO - Sending GET request to https://api.elsevier.com/content/search/scopus?start=4150&count=25&query=TITLE-ABS-KEY%28Electrochemical%29+PUBYEAR+%3E+2018
2019-09-17 13:39:34,985 - elsapy.elsclient - INFO - Sending GET request to https://api.elsevier.com/content/search/scopus?start=4175&count=25&query=TITLE-ABS-KEY%28Electrochemical%29+PUBYEAR+%3E+2018
2019-09-17 13:39:37,702 - elsapy.elsclient - INFO - Sending GET request to https://api.elsevier.com/content/search/scopus?start=4200&count=25&query=TITLE-ABS-KEY%28Electrochemical%29+PUBYEAR+%3E+2018
2019-09-17 13:39:40,308 - elsapy.elsclient - INFO - Sending GET request to https://api.elsevier.com/content/search/scopus?start=4225&count=25&query=TITLE-ABS-KEY%28Electrochemical%29+PUBYEAR+%3E+2018
2019-09-17 13:39:43,024 - elsapy.elsclient - INFO - Sending GET request to https://api.elsevier.com/content/search/scopus?start=4250&count=25&query=TITLE-ABS-KEY%28Electrochemical%29+PUBYEAR+%3E+2018
2019-09-17 13:39:45,745 - elsapy.elsclient - INFO - Sending GET request to https://api.elsevier.com/content/search/scopus?start=4275&count=25&query=TITLE-ABS-KEY%28Electrochemical%29+PUBYEAR+%3E+2018
2019-09-17 13:39:48,452 - elsapy.elsclient - INFO - Sending GET request to https://api.elsevier.com/content/search/scopus?start=4300&count=25&query=TITLE-ABS-KEY%28Electrochemical%29+PUBYEAR+%3E+2018
2019-09-17 13:39:51,177 - elsapy.elsclient - INFO - Sending GET request to https://api.elsevier.com/content/search/scopus?start=4325&count=25&query=TITLE-ABS-KEY%28Electrochemical%29+PUBYEAR+%3E+2018
2019-09-17 13:39:53,785 - elsapy.elsclient - INFO - Sending GET request to https://api.elsevier.com/content/search/scopus?start=4350&count=25&query=TITLE-ABS-KEY%28Electrochemical%29+PUBYEAR+%3E+2018
2019-09-17 13:39:56,817 - elsapy.elsclient - INFO - Sending GET request to https://api.elsevier.com/content/search/scopus?start=4375&count=25&query=TITLE-ABS-KEY%28Electrochemical%29+PUBYEAR+%3E+2018
2019-09-17 13:39:59,684 - elsapy.elsclient - INFO - Sending GET request to https://api.elsevier.com/content/search/scopus?start=4400&count=25&query=TITLE-ABS-KEY%28Electrochemical%29+PUBYEAR+%3E+2018
2019-09-17 13:40:02,553 - elsapy.elsclient - INFO - Sending GET request to https://api.elsevier.com/content/search/scopus?start=4425&count=25&query=TITLE-ABS-KEY%28Electrochemical%29+PUBYEAR+%3E+2018
2019-09-17 13:40:05,688 - elsapy.elsclient - INFO - Sending GET request to https://api.elsevier.com/content/search/scopus?start=4450&count=25&query=TITLE-ABS-KEY%28Electrochemical%29+PUBYEAR+%3E+2018
2019-09-17 13:40:08,717 - elsapy.elsclient - INFO - Sending GET request to https://api.elsevier.com/content/search/scopus?start=4475&count=25&query=TITLE-ABS-KEY%28Electrochemical%29+PUBYEAR+%3E+2018
2019-09-17 13:40:11,748 - elsapy.elsclient - INFO - Sending GET request to https://api.elsevier.com/content/search/scopus?start=4500&count=25&query=TITLE-ABS-KEY%28Electrochemical%29+PUBYEAR+%3E+2018
2019-09-17 13:40:14,779 - elsapy.elsclient - INFO - Sending GET request to https://api.elsevier.com/content/search/scopus?start=4525&count=25&query=TITLE-ABS-KEY%28Electrochemical%29+PUBYEAR+%3E+2018
2019-09-17 13:40:17,386 - elsapy.elsclient - INFO - Sending GET request to https://api.elsevier.com/content/search/scopus?start=4550&count=25&query=TITLE-ABS-KEY%28Electrochemical%29+PUBYEAR+%3E+2018
2019-09-17 13:40:20,317 - elsapy.elsclient - INFO - Sending GET request to https://api.elsevier.com/content/search/scopus?start=4575&count=25&query=TITLE-ABS-KEY%28Electrochemical%29+PUBYEAR+%3E+2018
2019-09-17 13:40:22,926 - elsapy.elsclient - INFO - Sending GET request to https://api.elsevier.com/content/search/scopus?start=4600&count=25&query=TITLE-ABS-KEY%28Electrochemical%29+PUBYEAR+%3E+2018
2019-09-17 13:40:25,532 - elsapy.elsclient - INFO - Sending GET request to https://api.elsevier.com/content/search/scopus?start=4625&count=25&query=TITLE-ABS-KEY%28Electrochemical%29+PUBYEAR+%3E+2018
2019-09-17 13:40:28,186 - elsapy.elsclient - INFO - Sending GET request to https://api.elsevier.com/content/search/scopus?start=4650&count=25&query=TITLE-ABS-KEY%28Electrochemical%29+PUBYEAR+%3E+2018
2019-09-17 13:40:30,708 - elsapy.elsclient - INFO - Sending GET request to https://api.elsevier.com/content/search/scopus?start=4675&count=25&query=TITLE-ABS-KEY%28Electrochemical%29+PUBYEAR+%3E+2018
2019-09-17 13:40:33,157 - elsapy.elsclient - INFO - Sending GET request to https://api.elsevier.com/content/search/scopus?start=4700&count=25&query=TITLE-ABS-KEY%28Electrochemical%29+PUBYEAR+%3E+2018
2019-09-17 13:40:35,671 - elsapy.elsclient - INFO - Sending GET request to https://api.elsevier.com/content/search/scopus?start=4725&count=25&query=TITLE-ABS-KEY%28Electrochemical%29+PUBYEAR+%3E+2018
2019-09-17 13:40:38,324 - elsapy.elsclient - INFO - Sending GET request to https://api.elsevier.com/content/search/scopus?start=4750&count=25&query=TITLE-ABS-KEY%28Electrochemical%29+PUBYEAR+%3E+2018
2019-09-17 13:40:41,206 - elsapy.elsclient - INFO - Sending GET request to https://api.elsevier.com/content/search/scopus?start=4775&count=25&query=TITLE-ABS-KEY%28Electrochemical%29+PUBYEAR+%3E+2018
2019-09-17 13:40:44,026 - elsapy.elsclient - INFO - Sending GET request to https://api.elsevier.com/content/search/scopus?start=4800&count=25&query=TITLE-ABS-KEY%28Electrochemical%29+PUBYEAR+%3E+2018
2019-09-17 13:40:46,744 - elsapy.elsclient - INFO - Sending GET request to https://api.elsevier.com/content/search/scopus?start=4825&count=25&query=TITLE-ABS-KEY%28Electrochemical%29+PUBYEAR+%3E+2018
2019-09-17 13:40:49,445 - elsapy.elsclient - INFO - Sending GET request to https://api.elsevier.com/content/search/scopus?start=4850&count=25&query=TITLE-ABS-KEY%28Electrochemical%29+PUBYEAR+%3E+2018
2019-09-17 13:40:52,169 - elsapy.elsclient - INFO - Sending GET request to https://api.elsevier.com/content/search/scopus?start=4875&count=25&query=TITLE-ABS-KEY%28Electrochemical%29+PUBYEAR+%3E+2018
2019-09-17 13:40:54,783 - elsapy.elsclient - INFO - Sending GET request to https://api.elsevier.com/content/search/scopus?start=4900&count=25&query=TITLE-ABS-KEY%28Electrochemical%29+PUBYEAR+%3E+2018
2019-09-17 13:40:57,806 - elsapy.elsclient - INFO - Sending GET request to https://api.elsevier.com/content/search/scopus?start=4925&count=25&query=TITLE-ABS-KEY%28Electrochemical%29+PUBYEAR+%3E+2018
2019-09-17 13:41:00,426 - elsapy.elsclient - INFO - Sending GET request to https://api.elsevier.com/content/search/scopus?start=4950&count=25&query=TITLE-ABS-KEY%28Electrochemical%29+PUBYEAR+%3E+2018
2019-09-17 13:41:03,560 - elsapy.elsclient - INFO - Sending GET request to https://api.elsevier.com/content/search/scopus?start=4975&count=25&query=TITLE-ABS-KEY%28Electrochemical%29+PUBYEAR+%3E+2018
2019-09-17 13:41:06,478 - elsapy.elsclient - INFO - Sending GET request to https://api.elsevier.com/content/search/scopus?start=4975&count=25&query=TITLE-ABS-KEY%28Electrochemical%29+PUBYEAR+%3E+2018
2019-09-17 13:41:09,093 - elsapy.elsclient - INFO - Sending GET request to https://api.elsevier.com/content/search/scopus?start=4975&count=25&query=TITLE-ABS-KEY%28Electrochemical%29+PUBYEAR+%3E+2018
2019-09-17 13:41:11,807 - elsapy.elsclient - INFO - Sending GET request to https://api.elsevier.com/content/search/scopus?start=4975&count=25&query=TITLE-ABS-KEY%28Electrochemical%29+PUBYEAR+%3E+2018
2019-09-17 13:41:14,414 - elsapy.elsclient - INFO - Sending GET request to https://api.elsevier.com/content/search/scopus?start=4975&count=25&query=TITLE-ABS-KEY%28Electrochemical%29+PUBYEAR+%3E+2018
2019-09-17 13:41:17,340 - elsapy.elsclient - INFO - Sending GET request to https://api.elsevier.com/content/search/scopus?start=4975&count=25&query=TITLE-ABS-KEY%28Electrochemical%29+PUBYEAR+%3E+2018
2019-09-17 13:41:19,957 - elsapy.elsclient - INFO - Sending GET request to https://api.elsevier.com/content/search/scopus?start=4975&count=25&query=TITLE-ABS-KEY%28Electrochemical%29+PUBYEAR+%3E+2018
2019-09-17 13:41:22,567 - elsapy.elsclient - INFO - Sending GET request to https://api.elsevier.com/content/search/scopus?start=4975&count=25&query=TITLE-ABS-KEY%28Electrochemical%29+PUBYEAR+%3E+2018
2019-09-17 13:41:25,176 - elsapy.elsclient - INFO - Sending GET request to https://api.elsevier.com/content/search/scopus?start=4975&count=25&query=TITLE-ABS-KEY%28Electrochemical%29+PUBYEAR+%3E+2018
2019-09-17 13:41:27,687 - elsapy.elsclient - INFO - Sending GET request to https://api.elsevier.com/content/search/scopus?start=4975&count=25&query=TITLE-ABS-KEY%28Electrochemical%29+PUBYEAR+%3E+2018
2019-09-17 13:41:33,327 - elsapy.elsclient - INFO - Sending GET request to https://api.elsevier.com/content/search/scopus?start=4975&count=25&query=TITLE-ABS-KEY%28Electrochemical%29+PUBYEAR+%3E+2018
2019-09-17 13:41:35,940 - elsapy.elsclient - INFO - Sending GET request to https://api.elsevier.com/content/search/scopus?start=4975&count=25&query=TITLE-ABS-KEY%28Electrochemical%29+PUBYEAR+%3E+2018
2019-09-17 13:41:38,633 - elsapy.elsclient - INFO - Sending GET request to https://api.elsevier.com/content/search/scopus?start=4975&count=25&query=TITLE-ABS-KEY%28Electrochemical%29+PUBYEAR+%3E+2018
2019-09-17 13:41:41,257 - elsapy.elsclient - INFO - Sending GET request to https://api.elsevier.com/content/search/scopus?start=4975&count=25&query=TITLE-ABS-KEY%28Electrochemical%29+PUBYEAR+%3E+2018
2019-09-17 13:41:43,886 - elsapy.elsclient - INFO - Sending GET request to https://api.elsevier.com/content/search/scopus?start=4975&count=25&query=TITLE-ABS-KEY%28Electrochemical%29+PUBYEAR+%3E+2018
2019-09-17 13:41:46,690 - elsapy.elsclient - INFO - Sending GET request to https://api.elsevier.com/content/search/scopus?start=4975&count=25&query=TITLE-ABS-KEY%28Electrochemical%29+PUBYEAR+%3E+2018
2019-09-17 13:41:49,569 - elsapy.elsclient - INFO - Sending GET request to https://api.elsevier.com/content/search/scopus?start=4975&count=25&query=TITLE-ABS-KEY%28Electrochemical%29+PUBYEAR+%3E+2018
2019-09-17 13:41:52,333 - elsapy.elsclient - INFO - Sending GET request to https://api.elsevier.com/content/search/scopus?start=4975&count=25&query=TITLE-ABS-KEY%28Electrochemical%29+PUBYEAR+%3E+2018
2019-09-17 13:41:54,834 - elsapy.elsclient - INFO - Sending GET request to https://api.elsevier.com/content/search/scopus?start=4975&count=25&query=TITLE-ABS-KEY%28Electrochemical%29+PUBYEAR+%3E+2018
2019-09-17 13:41:57,347 - elsapy.elsclient - INFO - Sending GET request to https://api.elsevier.com/content/search/scopus?start=4975&count=25&query=TITLE-ABS-KEY%28Electrochemical%29+PUBYEAR+%3E+2018
2019-09-17 13:41:59,849 - elsapy.elsclient - INFO - Sending GET request to https://api.elsevier.com/content/search/scopus?start=4975&count=25&query=TITLE-ABS-KEY%28Electrochemical%29+PUBYEAR+%3E+2018
2019-09-17 13:42:02,357 - elsapy.elsclient - INFO - Sending GET request to https://api.elsevier.com/content/search/scopus?start=4975&count=25&query=TITLE-ABS-KEY%28Electrochemical%29+PUBYEAR+%3E+2018
2019-09-17 13:42:04,872 - elsapy.elsclient - INFO - Sending GET request to https://api.elsevier.com/content/search/scopus?start=4975&count=25&query=TITLE-ABS-KEY%28Electrochemical%29+PUBYEAR+%3E+2018
2019-09-17 13:42:07,474 - elsapy.elsclient - INFO - Sending GET request to https://api.elsevier.com/content/search/scopus?start=4975&count=25&query=TITLE-ABS-KEY%28Electrochemical%29+PUBYEAR+%3E+2018
